#
# A fatal error has been detected by the Java Runtime Environment:
#
#  SIGSEGV (0xb) at pc=0x00007f4117682a60, pid=2708, tid=139919195436800
#
# JRE version: Java(TM) SE Runtime Environment (8.0_65-b17) (build 1.8.0_65-b17)
# Java VM: Java HotSpot(TM) 64-Bit Server VM (25.65-b01 mixed mode linux-amd64 compressed oops)
# Problematic frame:
# C  0x00007f4117682a60
#
# Failed to write core dump. Core dumps have been disabled. To enable core dumping, try "ulimit -c unlimited" before starting Java again
#
# If you would like to submit a bug report, please visit:
#   http://bugreport.java.com/bugreport/crash.jsp
# The crash happened outside the Java Virtual Machine in native code.
# See problematic frame for where to report the bug.
#

---------------  T H R E A D  ---------------

Current thread (0x00007f41980c3000):  JavaThread "JDWP Transport Listener: dt_socket" daemon [_thread_in_native, id=2725, stack(0x00007f4179e0f000,0x00007f4179f10000)]

siginfo: si_signo: 11 (SIGSEGV), si_code: 1 (SEGV_MAPERR), si_addr: 0x00007f4117682a60

Registers:
RAX=0x00007f4117682a60, RBX=0x0000000000000001, RCX=0x00007f411801bc20, RDX=0x00000000000001e0
RSP=0x00007f4179f0e8c8, RBP=0x00007f419f28e6c8, RSI=0x0000000000000001, RDI=0x00007f4117e204e0
R8 =0x0000000000000004, R9 =0x00007f411801be70, R10=0x00007f4179f0e6d0, R11=0x00007f419ef0c290
R12=0x0000000000000001, R13=0x00007f411801ba50, R14=0x00007f419d599e40, R15=0x000000000000000a
RIP=0x00007f4117682a60, EFLAGS=0x0000000000010206, CSGSFS=0x0000000000000033, ERR=0x0000000000000014
  TRAPNO=0x000000000000000e

Top of Stack: (sp=0x00007f4179f0e8c8)
0x00007f4179f0e8c8:   00007f419ef0c259 0000000000000000
0x00007f4179f0e8d8:   0000000000000001 00007f4179f0e920
0x00007f4179f0e8e8:   00007f4179f0e990 0000000000000001
0x00007f4179f0e8f8:   00007f419ef0c2a5 0000000000000006
0x00007f4179f0e908:   00007f419d36ed97 0000000000020900
0x00007f4179f0e918:   00007f4179f0eb20 00007f4179f0e950
0x00007f4179f0e928:   00007f419d36c33d 0000000000000001
0x00007f4179f0e938:   000000000000000a 0000000000000001
0x00007f4179f0e948:   00000000000a0100 00007f4179f0eba0
0x00007f4179f0e958:   00007f419d3719c6 0000026c0000000f
0x00007f4179f0e968:   00007f419e0a0100 00007f4158000fd0
0x00007f4179f0e978:   0000000000000000 00007f4179f0e990
0x00007f4179f0e988:   00007f4179f0eb20 00007f4179f0e9e0
0x00007f4179f0e998:   00007f410000012c 00007f4179f0e9a8
0x00007f4179f0e9a8:   0000000000000000 00007f4179f0e9e0
0x00007f4179f0e9b8:   0000000000000000 00007f0100000000
0x00007f4179f0e9c8:   0000026c0000000b 00007f410000eb80
0x00007f4179f0e9d8:   00007f4179f0e9e0 0000004901000000
0x00007f4179f0e9e8:   74616d2e6c656428 7565746365562e68
0x00007f4179f0e9f8:   3966373034403b72 6d4c5b202c616239
0x00007f4179f0ea08:   74616d2e6c65646f 7565746365562e68
0x00007f4179f0ea18:   3161343735403b72 6d4c5b202c663334
0x00007f4179f0ea28:   74616d2e6c65646f 7565746365562e68
0x00007f4179f0ea38:   6235663934403b72 646f6d4c5b202c34
0x00007f4179f0ea48:   2e6874616d2e6c65 3b72756574636556
0x00007f4179f0ea58:   3863626665653540 646f6d4c5b202c34
0x00007f4179f0ea68:   2e6874616d2e6c65 3b72756574636556
0x00007f4179f0ea78:   6163353165323640 646f6d4c5b202c61
0x00007f4179f0ea88:   2e6874616d2e6c65 3b72756574636556
0x00007f4179f0ea98:   3237356430353640 646f6d4c5b202c35
0x00007f4179f0eaa8:   2e6874616d2e6c65 3b72756574636556
0x00007f4179f0eab8:   3661653632613240 646f6d4c5b202c35 

Instructions: (pc=0x00007f4117682a60)
0x00007f4117682a40:   
[error occurred during error reporting (printing registers, top of stack, instructions near pc), id 0xb]

Register to memory mapping:

RAX=0x00007f4117682a60 is an unknown value
RBX=0x0000000000000001 is an unknown value
RCX=0x00007f411801bc20 is an unknown value
RDX=0x00000000000001e0 is an unknown value
RSP=0x00007f4179f0e8c8 is pointing into the stack for thread: 0x00007f41980c3000
RBP=0x00007f419f28e6c8: <offset 0x3be6c8> in /lib/x86_64-linux-gnu/libc.so.6 at 0x00007f419eed0000
RSI=0x0000000000000001 is an unknown value
RDI=0x00007f4117e204e0 is an unknown value
R8 =0x0000000000000004 is an unknown value
R9 =0x00007f411801be70 is an unknown value
R10=0x00007f4179f0e6d0 is pointing into the stack for thread: 0x00007f41980c3000
R11=0x00007f419ef0c290: exit+0 in /lib/x86_64-linux-gnu/libc.so.6 at 0x00007f419eed0000
R12=0x0000000000000001 is an unknown value
R13=0x00007f411801ba50 is an unknown value
R14=0x00007f419d599e40: <offset 0x239e40> in /home/lemoyne/tools/eclipse-installer/jre/lib/amd64/libjdwp.so at 0x00007f419d360000
R15=0x000000000000000a is an unknown value


Stack: [0x00007f4179e0f000,0x00007f4179f10000],  sp=0x00007f4179f0e8c8,  free space=1022k
Native frames: (J=compiled Java code, j=interpreted, Vv=VM code, C=native code)
C  0x00007f4117682a60


---------------  P R O C E S S  ---------------

Java Threads: ( => current thread )
  0x00007f4158002800 JavaThread "XToolkt-Shutdown-Thread" [_thread_blocked, id=2833, stack(0x00007f411157f000,0x00007f4111680000)]
  0x00007f415c001000 JavaThread "SIGTERM handler" daemon [_thread_blocked, id=2831, stack(0x00007f4179c0d000,0x00007f4179d0e000)]
  0x00007f412861c800 JavaThread "TimerQueue" daemon [_thread_blocked, id=2756, stack(0x00007f411219f000,0x00007f41122a0000)]
  0x00007f419800c000 JavaThread "DestroyJavaVM" [_thread_blocked, id=2709, stack(0x00007f419f9f7000,0x00007f419faf8000)]
  0x00007f4198251000 JavaThread "AWT-EventQueue-0" [_thread_blocked, id=2739, stack(0x00007f414334d000,0x00007f414344e000)]
  0x00007f419824f000 JavaThread "AWT-Shutdown" [_thread_blocked, id=2738, stack(0x00007f414344e000,0x00007f414354f000)]
  0x00007f4198248800 JavaThread "AWT-XAWT" daemon [_thread_blocked, id=2737, stack(0x00007f414354f000,0x00007f4143650000)]
  0x00007f4198225800 JavaThread "Java2D Disposer" daemon [_thread_blocked, id=2736, stack(0x00007f4143a67000,0x00007f4143b68000)]
  0x00007f41980d2800 JavaThread "Service Thread" daemon [_thread_blocked, id=2734, stack(0x00007f4179809000,0x00007f417990a000)]
  0x00007f41980cd000 JavaThread "C1 CompilerThread2" daemon [_thread_blocked, id=2733, stack(0x00007f417990a000,0x00007f4179a0b000)]
  0x00007f41980cb800 JavaThread "C2 CompilerThread1" daemon [_thread_blocked, id=2732, stack(0x00007f4179a0b000,0x00007f4179b0c000)]
  0x00007f41980c8800 JavaThread "C2 CompilerThread0" daemon [_thread_blocked, id=2731, stack(0x00007f4179b0c000,0x00007f4179c0d000)]
  0x00007f41980c6800 JavaThread "JDWP Event Helper Thread" daemon [_thread_blocked, id=2726, stack(0x00007f4179d0e000,0x00007f4179e0f000)]
=>0x00007f41980c3000 JavaThread "JDWP Transport Listener: dt_socket" daemon [_thread_in_native, id=2725, stack(0x00007f4179e0f000,0x00007f4179f10000)]
  0x00007f41980b6800 JavaThread "Signal Dispatcher" daemon [_thread_blocked, id=2723, stack(0x00007f417a114000,0x00007f417a215000)]
  0x00007f4198081000 JavaThread "Finalizer" daemon [_thread_blocked, id=2722, stack(0x00007f417a215000,0x00007f417a316000)]
  0x00007f419807f000 JavaThread "Reference Handler" daemon [_thread_blocked, id=2721, stack(0x00007f417a316000,0x00007f417a417000)]

Other Threads:
  0x00007f419807a000 VMThread [stack: 0x00007f417a417000,0x00007f417a518000] [id=2719]
  0x00007f41980d5800 WatcherThread [stack: 0x00007f4179708000,0x00007f4179809000] [id=2735]

VM state:not at safepoint (normal execution)

VM Mutex/Monitor currently owned by a thread: None

Heap:
 PSYoungGen      total 36864K, used 24175K [0x00000000d6f80000, 0x00000000da280000, 0x0000000100000000)
  eden space 31744K, 74% used [0x00000000d6f80000,0x00000000d868bf08,0x00000000d8e80000)
  from space 5120K, 11% used [0x00000000d9380000,0x00000000d9410000,0x00000000d9880000)
  to   space 5120K, 0% used [0x00000000d8e80000,0x00000000d8e80000,0x00000000d9380000)
 ParOldGen       total 65024K, used 7008K [0x0000000084e00000, 0x0000000088d80000, 0x00000000d6f80000)
  object space 65024K, 10% used [0x0000000084e00000,0x00000000854d8378,0x0000000088d80000)
 Metaspace       used 22758K, capacity 23116K, committed 23424K, reserved 1071104K
  class space    used 2590K, capacity 2678K, committed 2688K, reserved 1048576K

Card table byte_map: [0x00007f4188646000,0x00007f4188a20000] byte_map_base: 0x00007f418821f000

Marking Bits: (ParMarkBitMap*) 0x00007f419ee9ede0
 Begin Bits: [0x00007f4180270000, 0x00007f4182138000)
 End Bits:   [0x00007f4182138000, 0x00007f4184000000)

Polling page: 0x00007f419fafd000

CodeCache: size=245760Kb used=6889Kb max_used=6900Kb free=238870Kb
 bounds [0x00007f4188de0000, 0x00007f41894b0000, 0x00007f4197de0000]
 total_blobs=3020 nmethods=2019 adapters=923
 compilation: enabled

Compilation events (10 events):
Event: 709,923 Thread 0x00007f41980cd000 2047       1       javax.swing.TimerQueue$DelayedTimer::setTime (6 bytes)
Event: 709,923 Thread 0x00007f41980cd000 nmethod 2047 0x00007f4188eeb8d0 code [0x00007f4188eeba20, 0x00007f4188eebb50]
Event: 902,005 Thread 0x00007f41980c8800 2048       4       javax.swing.TimerQueue::now (8 bytes)
Event: 902,005 Thread 0x00007f41980c8800 nmethod 2048 0x00007f4188f8cad0 code [0x00007f4188f8cc00, 0x00007f4188f8cc58]
Event: 939,207 Thread 0x00007f41980cd000 2049   !   3       jogamp.common.util.locks.RecursiveLockImpl01Unfairish::lock (124 bytes)
Event: 939,209 Thread 0x00007f41980cd000 nmethod 2049 0x00007f4189485250 code [0x00007f4189485540, 0x00007f4189486b58]
Event: 939,209 Thread 0x00007f41980cd000 2050   !   3       jogamp.common.util.locks.RecursiveLockImpl01Unfairish::tryLock (582 bytes)
Event: 939,210 Thread 0x00007f41980cd000 nmethod 2050 0x00007f4189483150 code [0x00007f41894833a0, 0x00007f4189484918]
Event: 939,220 Thread 0x00007f41980cb800 2051       4       java.nio.Buffer::hasRemaining (17 bytes)
Event: 939,221 Thread 0x00007f41980cb800 nmethod 2051 0x00007f4189452e10 code [0x00007f4189452f60, 0x00007f4189452fd8]

GC Heap History (6 events):
Event: 3,360 GC heap before
{Heap before GC invocations=1 (full 0):
 PSYoungGen      total 36864K, used 30964K [0x00000000d6f80000, 0x00000000d9880000, 0x0000000100000000)
  eden space 31744K, 97% used [0x00000000d6f80000,0x00000000d8dbd2b8,0x00000000d8e80000)
  from space 5120K, 0% used [0x00000000d9380000,0x00000000d9380000,0x00000000d9880000)
  to   space 5120K, 0% used [0x00000000d8e80000,0x00000000d8e80000,0x00000000d9380000)
 ParOldGen       total 84992K, used 0K [0x0000000084e00000, 0x000000008a100000, 0x00000000d6f80000)
  object space 84992K, 0% used [0x0000000084e00000,0x0000000084e00000,0x000000008a100000)
 Metaspace       used 20736K, capacity 21016K, committed 21248K, reserved 1069056K
  class space    used 2369K, capacity 2468K, committed 2560K, reserved 1048576K
Event: 3,373 GC heap after
Heap after GC invocations=1 (full 0):
 PSYoungGen      total 36864K, used 5106K [0x00000000d6f80000, 0x00000000d9880000, 0x0000000100000000)
  eden space 31744K, 0% used [0x00000000d6f80000,0x00000000d6f80000,0x00000000d8e80000)
  from space 5120K, 99% used [0x00000000d8e80000,0x00000000d937ca90,0x00000000d9380000)
  to   space 5120K, 0% used [0x00000000d9380000,0x00000000d9380000,0x00000000d9880000)
 ParOldGen       total 84992K, used 2012K [0x0000000084e00000, 0x000000008a100000, 0x00000000d6f80000)
  object space 84992K, 2% used [0x0000000084e00000,0x0000000084ff7178,0x000000008a100000)
 Metaspace       used 20736K, capacity 21016K, committed 21248K, reserved 1069056K
  class space    used 2369K, capacity 2468K, committed 2560K, reserved 1048576K
}
Event: 3,373 GC heap before
{Heap before GC invocations=2 (full 1):
 PSYoungGen      total 36864K, used 5106K [0x00000000d6f80000, 0x00000000d9880000, 0x0000000100000000)
  eden space 31744K, 0% used [0x00000000d6f80000,0x00000000d6f80000,0x00000000d8e80000)
  from space 5120K, 99% used [0x00000000d8e80000,0x00000000d937ca90,0x00000000d9380000)
  to   space 5120K, 0% used [0x00000000d9380000,0x00000000d9380000,0x00000000d9880000)
 ParOldGen       total 84992K, used 2012K [0x0000000084e00000, 0x000000008a100000, 0x00000000d6f80000)
  object space 84992K, 2% used [0x0000000084e00000,0x0000000084ff7178,0x000000008a100000)
 Metaspace       used 20736K, capacity 21016K, committed 21248K, reserved 1069056K
  class space    used 2369K, capacity 2468K, committed 2560K, reserved 1048576K
Event: 3,411 GC heap after
Heap after GC invocations=2 (full 1):
 PSYoungGen      total 36864K, used 0K [0x00000000d6f80000, 0x00000000d9880000, 0x0000000100000000)
  eden space 31744K, 0% used [0x00000000d6f80000,0x00000000d6f80000,0x00000000d8e80000)
  from space 5120K, 0% used [0x00000000d8e80000,0x00000000d8e80000,0x00000000d9380000)
  to   space 5120K, 0% used [0x00000000d9380000,0x00000000d9380000,0x00000000d9880000)
 ParOldGen       total 65024K, used 7000K [0x0000000084e00000, 0x0000000088d80000, 0x00000000d6f80000)
  object space 65024K, 10% used [0x0000000084e00000,0x00000000854d6378,0x0000000088d80000)
 Metaspace       used 20736K, capacity 21016K, committed 21248K, reserved 1069056K
  class space    used 2369K, capacity 2468K, committed 2560K, reserved 1048576K
}
Event: 3,751 GC heap before
{Heap before GC invocations=3 (full 1):
 PSYoungGen      total 36864K, used 31744K [0x00000000d6f80000, 0x00000000d9880000, 0x0000000100000000)
  eden space 31744K, 100% used [0x00000000d6f80000,0x00000000d8e80000,0x00000000d8e80000)
  from space 5120K, 0% used [0x00000000d8e80000,0x00000000d8e80000,0x00000000d9380000)
  to   space 5120K, 0% used [0x00000000d9380000,0x00000000d9380000,0x00000000d9880000)
 ParOldGen       total 65024K, used 7000K [0x0000000084e00000, 0x0000000088d80000, 0x00000000d6f80000)
  object space 65024K, 10% used [0x0000000084e00000,0x00000000854d6378,0x0000000088d80000)
 Metaspace       used 21321K, capacity 21670K, committed 22016K, reserved 1069056K
  class space    used 2445K, capacity 2517K, committed 2560K, reserved 1048576K
Event: 3,754 GC heap after
Heap after GC invocations=3 (full 1):
 PSYoungGen      total 36864K, used 576K [0x00000000d6f80000, 0x00000000da280000, 0x0000000100000000)
  eden space 31744K, 0% used [0x00000000d6f80000,0x00000000d6f80000,0x00000000d8e80000)
  from space 5120K, 11% used [0x00000000d9380000,0x00000000d9410000,0x00000000d9880000)
  to   space 5120K, 0% used [0x00000000d8e80000,0x00000000d8e80000,0x00000000d9380000)
 ParOldGen       total 65024K, used 7008K [0x0000000084e00000, 0x0000000088d80000, 0x00000000d6f80000)
  object space 65024K, 10% used [0x0000000084e00000,0x00000000854d8378,0x0000000088d80000)
 Metaspace       used 21321K, capacity 21670K, committed 22016K, reserved 1069056K
  class space    used 2445K, capacity 2517K, committed 2560K, reserved 1048576K
}

Deoptimization events (10 events):
Event: 2,698 Thread 0x00007f4198251000 Uncommon trap: reason=unstable_if action=reinterpret pc=0x00007f41890a80ac method=java.lang.reflect.AccessibleObject.setAccessible0(Ljava/lang/reflect/AccessibleObject;Z)V @ 4
Event: 2,705 Thread 0x00007f4198251000 Uncommon trap: reason=unstable_if action=reinterpret pc=0x00007f418909f48c method=java.lang.reflect.Field.setFieldAccessor(Lsun/reflect/FieldAccessor;Z)V @ 1
Event: 3,354 Thread 0x00007f4198251000 Uncommon trap: reason=class_check action=maybe_recompile pc=0x00007f4188f815b0 method=java.lang.String.equals(Ljava/lang/Object;)Z @ 8
Event: 3,355 Thread 0x00007f4198251000 Uncommon trap: reason=class_check action=maybe_recompile pc=0x00007f4188f815b0 method=java.lang.String.equals(Ljava/lang/Object;)Z @ 8
Event: 3,355 Thread 0x00007f4198251000 Uncommon trap: reason=class_check action=maybe_recompile pc=0x00007f4188f815b0 method=java.lang.String.equals(Ljava/lang/Object;)Z @ 8
Event: 3,355 Thread 0x00007f4198251000 Uncommon trap: reason=class_check action=maybe_recompile pc=0x00007f4188f815b0 method=java.lang.String.equals(Ljava/lang/Object;)Z @ 8
Event: 3,686 Thread 0x00007f4198251000 Uncommon trap: reason=unstable_if action=reinterpret pc=0x00007f41892672e4 method=java.math.MutableBigInteger.getMagnitudeArray()[I @ 16
Event: 3,793 Thread 0x00007f4198251000 Uncommon trap: reason=unstable_if action=reinterpret pc=0x00007f4188ff6068 method=sun.nio.cs.UTF_8$Encoder.encode([CII[B)I @ 33
Event: 5,143 Thread 0x00007f4198251000 Uncommon trap: reason=unstable_if action=reinterpret pc=0x00007f4188f96e20 method=java.lang.CharacterData.of(I)Ljava/lang/CharacterData; @ 4
Event: 5,243 Thread 0x00007f4198248800 Uncommon trap: reason=unstable_if action=reinterpret pc=0x00007f41891f0bf8 method=sun.awt.SunToolkit.getAppContext(Ljava/lang/Object;)Lsun/awt/AppContext; @ 4

Internal exceptions (10 events):
Event: 5,583 Thread 0x00007f4198251000 Exception <a 'java/lang/UnsupportedOperationException': > (0x00000000d78f1140) thrown at [/HUDSON/workspace/8-2-build-linux-amd64/jdk8u65/4987/hotspot/src/share/vm/prims/jni.cpp, line 735]
Event: 5,620 Thread 0x00007f4198251000 Exception <a 'java/lang/reflect/InvocationTargetException'> (0x00000000d790ed20) thrown at [/HUDSON/workspace/8-2-build-linux-amd64/jdk8u65/4987/hotspot/src/share/vm/runtime/reflection.cpp, line 1092]
Event: 939,220 Thread 0x00007f4158003800 Exception <a 'java/io/IOException'> (0x00000000d859f830) thrown at [/HUDSON/workspace/8-2-build-linux-amd64/jdk8u65/4987/hotspot/src/share/vm/prims/jni.cpp, line 709]
Event: 939,220 Thread 0x00007f4158003800 Exception <a 'java/io/IOException'> (0x00000000d859fb18) thrown at [/HUDSON/workspace/8-2-build-linux-amd64/jdk8u65/4987/hotspot/src/share/vm/prims/jni.cpp, line 709]
Event: 939,220 Thread 0x00007f4158003800 Exception <a 'java/io/IOException'> (0x00000000d859fff8) thrown at [/HUDSON/workspace/8-2-build-linux-amd64/jdk8u65/4987/hotspot/src/share/vm/prims/jni.cpp, line 709]
Event: 939,220 Thread 0x00007f4158003800 Exception <a 'java/io/IOException'> (0x00000000d85a0290) thrown at [/HUDSON/workspace/8-2-build-linux-amd64/jdk8u65/4987/hotspot/src/share/vm/prims/jni.cpp, line 709]
Event: 939,220 Thread 0x00007f4158003800 Exception <a 'java/io/IOException'> (0x00000000d85a04f8) thrown at [/HUDSON/workspace/8-2-build-linux-amd64/jdk8u65/4987/hotspot/src/share/vm/prims/jni.cpp, line 709]
Event: 939,220 Thread 0x00007f4158003800 Exception <a 'java/io/IOException'> (0x00000000d85a0d00) thrown at [/HUDSON/workspace/8-2-build-linux-amd64/jdk8u65/4987/hotspot/src/share/vm/prims/jni.cpp, line 709]
Event: 939,220 Thread 0x00007f4158003800 Exception <a 'java/io/IOException'> (0x00000000d85a0f98) thrown at [/HUDSON/workspace/8-2-build-linux-amd64/jdk8u65/4987/hotspot/src/share/vm/prims/jni.cpp, line 709]
Event: 939,220 Thread 0x00007f4158003800 Exception <a 'java/io/IOException'> (0x00000000d85a1200) thrown at [/HUDSON/workspace/8-2-build-linux-amd64/jdk8u65/4987/hotspot/src/share/vm/prims/jni.cpp, line 709]

Events (10 events):
Event: 939,205 loading class java/nio/channels/ClosedChannelException done
Event: 939,205 Thread 0x00007f4158003800 Thread added: 0x00007f4158003800
Event: 939,205 Thread 0x00007f4158001800 Thread exited: 0x00007f4158001800
Event: 939,209 loading class sun/awt/X11/XSystemTrayPeer
Event: 939,209 loading class sun/awt/X11/XSystemTrayPeer done
Event: 939,211 Thread 0x00007f41283fc000 Thread exited: 0x00007f41283fc000
Event: 939,219 Thread 0x00007f4128181800 Thread exited: 0x00007f4128181800
Event: 939,220 loading class java/io/InterruptedIOException
Event: 939,220 loading class java/io/InterruptedIOException done
Event: 939,221 Thread 0x00007f4158003800 Thread exited: 0x00007f4158003800


Dynamic libraries:
00400000-00401000 r-xp 00000000 08:02 5245746                            /home/lemoyne/tools/eclipse-installer/jre/bin/java
00600000-00601000 rw-p 00000000 08:02 5245746                            /home/lemoyne/tools/eclipse-installer/jre/bin/java
01441000-01462000 rw-p 00000000 00:00 0                                  [heap]
410d0000-410d2000 r-xs 00000000 08:02 35389458                           /tmp/.glhdCfwx (deleted)
41edc000-41f7b000 rw-p 00000000 00:00 0 
84e00000-88d80000 rw-p 00000000 00:00 0 
88d80000-d6f80000 ---p 00000000 00:00 0 
d6f80000-da280000 rw-p 00000000 00:00 0 
da280000-100000000 ---p 00000000 00:00 0 
100000000-1002a0000 rw-p 00000000 00:00 0 
1002a0000-140000000 ---p 00000000 00:00 0 
7f410c000000-7f410c021000 rw-p 00000000 00:00 0 
7f410c021000-7f4110000000 ---p 00000000 00:00 0 
7f411147e000-7f4111481000 ---p 00000000 00:00 0 
7f4111481000-7f411157f000 rw-p 00000000 00:00 0 
7f411157f000-7f4111582000 ---p 00000000 00:00 0 
7f4111582000-7f4111680000 rw-p 00000000 00:00 0                          [stack:2833]
7f4111680000-7f4111681000 r--s 00000000 08:02 40632415                   /var/cache/fontconfig/c05880de57d1f5e948fdfacc138775d9-le64.cache-4
7f4111688000-7f4111693000 r--s 00000000 08:02 40632409                   /var/cache/fontconfig/945677eb7aeaf62f1d50efc3fb3ec7d8-le64.cache-4
7f4111698000-7f411169e000 r--s 00000000 08:02 40632395                   /var/cache/fontconfig/2cd17615ca594fa2959ae173292e504c-le64.cache-4
7f41116a0000-7f41116a1000 r--s 00000000 08:02 40632425                   /var/cache/fontconfig/e7071f4a29fa870f4323321c154eba04-le64.cache-4
7f41116a8000-7f41116a9000 r--s 00000000 08:02 40632392                   /var/cache/fontconfig/0d8c3b2ac0904cb8a57a757ad11a4a08-le64.cache-4
7f41116b0000-7f41116b7000 r--s 00000000 08:02 40632412                   /var/cache/fontconfig/a755afe4a08bf5b97852ceb7400b47bc-le64.cache-4
7f41116b8000-7f41116cc000 r--s 00000000 08:02 40632390                   /var/cache/fontconfig/04aabc0a78ac019cf9454389977116d2-le64.cache-4
7f41116d0000-7f41116d1000 r--s 00000000 08:02 40632394                   /var/cache/fontconfig/1ac9eb803944fde146138c791f5cc56a-le64.cache-4
7f41116d8000-7f41116dc000 r--s 00000000 08:02 40632398                   /var/cache/fontconfig/385c0604a188198f04d133e54aba7fe7-le64.cache-4
7f41116e0000-7f41116e1000 r--s 00000000 08:02 40632422                   /var/cache/fontconfig/dc05db6664285cc2f12bf69c139ae4c3-le64.cache-4
7f41116e8000-7f41116ea000 r--s 00000000 08:02 40632406                   /var/cache/fontconfig/767a8244fc0220cfb567a839d0392e0b-le64.cache-4
7f41116f0000-7f41116f1000 r--s 00000000 08:02 40637949                   /var/cache/fontconfig/4794a0821666d79190d59a36cb4f44b5-le64.cache-4
7f41116f8000-7f41116fd000 r--s 00000000 08:02 40632408                   /var/cache/fontconfig/8801497958630a81b71ace7c5f9b32a8-le64.cache-4
7f4111700000-7f4111704000 r--s 00000000 08:02 40641194                   /var/cache/fontconfig/c57959a16110560c8d0fcea73374aeeb-le64.cache-4
7f4111708000-7f411170f000 r--s 00000000 08:02 40632396                   /var/cache/fontconfig/3047814df9a2f067bd2d96a2b9c36e5a-le64.cache-4
7f4111710000-7f4111716000 r--s 00000000 08:02 40632413                   /var/cache/fontconfig/b47c4e1ecd0709278f4910c18777a504-le64.cache-4
7f4111718000-7f411172b000 r--s 00000000 08:02 40632419                   /var/cache/fontconfig/d52a8644073d54c13679302ca1180695-le64.cache-4
7f4111750000-7f4111790000 rw-p 00000000 00:00 0 
7f4111790000-7f4111950000 ---p 00000000 00:00 0 
7f4111950000-7f4111a50000 rw-s 20c7b0000 00:06 2023                      /dev/nvidiactl
7f4111a54000-7f4111a67000 rw-s 212b54000 00:06 2023                      /dev/nvidiactl
7f4111a68000-7f4111a88000 rw-s c0260000 00:06 2024                       /dev/nvidia0
7f4111a8e000-7f4111a8f000 rw-s 20d606000 00:06 2023                      /dev/nvidiactl
7f4111a91000-7f4111a92000 rw-s cfee1000 00:06 2024                       /dev/nvidia0
7f4111a94000-7f4111ad4000 rw-s 210a54000 00:06 2023                      /dev/nvidiactl
7f4111ad7000-7f4111af7000 rw-s 210a07000 00:06 2023                      /dev/nvidiactl
7f4111af8000-7f4111af9000 rw-s cfee0000 00:06 2024                       /dev/nvidia0
7f4111aff000-7f4111b3f000 rw-s a042f000 00:06 2023                       /dev/nvidiactl
7f4111b43000-7f4111b63000 rw-s a07c3000 00:06 2023                       /dev/nvidiactl
7f4111b69000-7f4111b6a000 rw-s fd641000 00:06 2024                       /dev/nvidia0
7f4111b6f000-7f4111b70000 rw-s b5c47000 00:06 2023                       /dev/nvidiactl
7f4111b75000-7f4111b76000 rw-s a2745000 00:06 2023                       /dev/nvidiactl
7f4111b78000-7f4111b88000 r--s 00000000 08:02 10750673                   /usr/share/fonts/type1/gsfonts/a010013l.pfb
7f4111b88000-7f4111b99000 r--s 00000000 08:02 10750682                   /usr/share/fonts/type1/gsfonts/a010035l.pfb
7f4111ba0000-7f4111bbb000 r--s 00000000 08:02 10750763                   /usr/share/fonts/type1/gsfonts/p052004l.pfb
7f4111bc0000-7f4111bd5000 r--s 00000000 08:02 10750691                   /usr/share/fonts/type1/gsfonts/b018032l.pfb
7f4111bd8000-7f4111bf0000 r--s 00000000 08:02 10750703                   /usr/share/fonts/type1/gsfonts/c059033l.pfb
7f4111bf0000-7f4111bf9000 r--s 00000000 08:02 10750772                   /usr/share/fonts/type1/gsfonts/s050000l.pfb
7f4111c00000-7f4111c1b000 r--s 00000000 08:02 10750760                   /usr/share/fonts/type1/gsfonts/p052003l.pfb
7f4111c20000-7f4111c30000 r--s 00000000 08:02 10750676                   /usr/share/fonts/type1/gsfonts/a010015l.pfb
7f4111c30000-7f4111c48000 r--s 00000000 08:02 10750706                   /usr/share/fonts/type1/gsfonts/c059036l.pfb
7f4111c48000-7f4111c59000 r--s 00000000 08:02 10750730                   /usr/share/fonts/type1/gsfonts/n019063l.pfb
7f4111c60000-7f4111c73000 r--s 00000000 08:02 10750688                   /usr/share/fonts/type1/gsfonts/b018015l.pfb
7f4111c78000-7f4111c91000 r--s 00000000 08:02 10750685                   /usr/share/fonts/type1/gsfonts/b018012l.pfb
7f4111c98000-7f4111caf000 r--s 00000000 08:02 10750775                   /usr/share/fonts/type1/gsfonts/z003034l.pfb
7f4111cb0000-7f4111ccb000 r--s 00000000 08:02 10750700                   /usr/share/fonts/type1/gsfonts/c059016l.pfb
7f4111cd0000-7f4111ce2000 r--s 00000000 08:02 10750724                   /usr/share/fonts/type1/gsfonts/n019043l.pfb
7f4111ce8000-7f4111d02000 r--s 00000000 08:02 10750697                   /usr/share/fonts/type1/gsfonts/c059013l.pfb
7f4111d08000-7f4111d14000 r--s 00000000 08:02 10750709                   /usr/share/fonts/type1/gsfonts/d050000l.pfb
7f4111d18000-7f4111d28000 r--s 00000000 08:02 10750679                   /usr/share/fonts/type1/gsfonts/a010033l.pfb
7f4111d28000-7f4111d44000 r--s 00000000 08:02 10750769                   /usr/share/fonts/type1/gsfonts/p052024l.pfb
7f4111d48000-7f4111d5a000 r--s 00000000 08:02 10750727                   /usr/share/fonts/type1/gsfonts/n019044l.pfb
7f4111d60000-7f4111d7b000 r--s 00000000 08:02 10750766                   /usr/share/fonts/type1/gsfonts/p052023l.pfb
7f4111d80000-7f4111d93000 r--s 00000000 08:02 10750733                   /usr/share/fonts/type1/gsfonts/n019064l.pfb
7f4111d98000-7f4111daa000 r--s 00000000 08:02 10750694                   /usr/share/fonts/type1/gsfonts/b018035l.pfb
7f4111db0000-7f4111dba000 r--s 00000000 08:02 10750778                   /usr/share/fonts/type1/mathml/Symbol.pfb
7f4111dc0000-7f4111dca000 r--s 00000000 08:02 10749971                   /usr/share/fonts/X11/Type1/c0419bt_.pfb
7f4111dd0000-7f4111dda000 r--s 00000000 08:02 10749973                   /usr/share/fonts/X11/Type1/c0582bt_.pfb
7f4111de0000-7f4111de9000 r--s 00000000 08:02 10749983                   /usr/share/fonts/X11/Type1/c0648bt_.pfb
7f4111df0000-7f4111df9000 r--s 00000000 08:02 10749985                   /usr/share/fonts/X11/Type1/c0649bt_.pfb
7f4111e00000-7f4111e0a000 r--s 00000000 08:02 10749975                   /usr/share/fonts/X11/Type1/c0583bt_.pfb
7f4111e10000-7f4111e19000 r--s 00000000 08:02 10749979                   /usr/share/fonts/X11/Type1/c0632bt_.pfb
7f4111e20000-7f4111e29000 r--s 00000000 08:02 10749981                   /usr/share/fonts/X11/Type1/c0633bt_.pfb
7f4111e30000-7f4111e3a000 r--s 00000000 08:02 10749977                   /usr/share/fonts/X11/Type1/c0611bt_.pfb
7f4111e40000-7f4111e49000 r--s 00000000 08:02 40632399                   /var/cache/fontconfig/3f7329c5293ffd510edef78f73874cfd-le64.cache-4
7f4111e50000-7f4111e54000 r--s 00000000 08:02 40632420                   /var/cache/fontconfig/d589a48862398ed80a3d6066f4f56f4c-le64.cache-4
7f4111e58000-7f4111e6e000 r--s 00000000 08:02 10750754                   /usr/share/fonts/type1/gsfonts/n022023l.pfb
7f4111e70000-7f4111e89000 r--s 00000000 08:02 10750739                   /usr/share/fonts/type1/gsfonts/n021004l.pfb
7f4111e90000-7f4111ea4000 r--s 00000000 08:02 10750712                   /usr/share/fonts/type1/gsfonts/n019003l.pfb
7f4111ea8000-7f4111eb9000 r--s 00000000 08:02 10750718                   /usr/share/fonts/type1/gsfonts/n019023l.pfb
7f4111ec0000-7f4111ed9000 r--s 00000000 08:02 10750736                   /usr/share/fonts/type1/gsfonts/n021003l.pfb
7f4111ee0000-7f4111ef2000 r--s 00000000 08:02 10750715                   /usr/share/fonts/type1/gsfonts/n019004l.pfb
7f4111ef8000-7f4111f02000 r--s 00000000 08:02 10750778                   /usr/share/fonts/type1/mathml/Symbol.pfb
7f4111f08000-7f4111f1e000 r--s 00000000 08:02 10750757                   /usr/share/fonts/type1/gsfonts/n022024l.pfb
7f4111f20000-7f4111f37000 r--s 00000000 08:02 10750742                   /usr/share/fonts/type1/gsfonts/n021023l.pfb
7f4111f38000-7f4111f50000 r--s 00000000 08:02 10750748                   /usr/share/fonts/type1/gsfonts/n022003l.pfb
7f4111f50000-7f4111f61000 r--s 00000000 08:02 10750721                   /usr/share/fonts/type1/gsfonts/n019024l.pfb
7f4111f68000-7f4111f81000 r--s 00000000 08:02 10750751                   /usr/share/fonts/type1/gsfonts/n022004l.pfb
7f4111f88000-7f4111f9e000 r--s 00000000 08:02 10750745                   /usr/share/fonts/type1/gsfonts/n021024l.pfb
7f4111f9f000-7f411219f000 rw-p 00000000 00:00 0 
7f411219f000-7f41121a2000 ---p 00000000 00:00 0 
7f41121a2000-7f41124a0000 rw-p 00000000 00:00 0                          [stack:2756]
7f41124a0000-7f4112509000 r-xp 00000000 08:02 5245612                    /home/lemoyne/tools/eclipse-installer/jre/lib/amd64/libt2k.so
7f4112509000-7f4112709000 ---p 00069000 08:02 5245612                    /home/lemoyne/tools/eclipse-installer/jre/lib/amd64/libt2k.so
7f4112709000-7f4112710000 rw-p 00069000 08:02 5245612                    /home/lemoyne/tools/eclipse-installer/jre/lib/amd64/libt2k.so
7f4112710000-7f4112720000 rw-p 00000000 00:00 0 
7f4112725000-7f4112737000 r--s 00345000 08:02 5245683                    /home/lemoyne/tools/eclipse-installer/jre/lib/resources.jar
7f4112738000-7f4112938000 rw-p 00000000 00:00 0 
7f4112938000-7f41129b8000 rw-s 205818000 00:06 2023                      /dev/nvidiactl
7f41129bd000-7f4112a3d000 rw-s 21080d000 00:06 2023                      /dev/nvidiactl
7f4112a43000-7f4112ac3000 rw-s 2128eb000 00:06 2023                      /dev/nvidiactl
7f4112ac3000-7f4112bc3000 rw-s 2129b3000 00:06 2023                      /dev/nvidiactl
7f4112c0d000-7f4112cc1000 rw-s b5eed000 00:06 2023                       /dev/nvidiactl
7f4112cc8000-7f4112cca000 r-xp 00000000 08:02 9706975                    /usr/lib/x86_64-linux-gnu/libXinerama.so.1.0.0
7f4112cca000-7f4112ec9000 ---p 00002000 08:02 9706975                    /usr/lib/x86_64-linux-gnu/libXinerama.so.1.0.0
7f4112ec9000-7f4112eca000 r--p 00001000 08:02 9706975                    /usr/lib/x86_64-linux-gnu/libXinerama.so.1.0.0
7f4112eca000-7f4112ecb000 rw-p 00002000 08:02 9706975                    /usr/lib/x86_64-linux-gnu/libXinerama.so.1.0.0
7f4112ed0000-7f4112f07000 r-xp 00000000 08:02 9707898                    /usr/lib/x86_64-linux-gnu/libtxc_dxtn_s2tc.so.0.0.0
7f4112f07000-7f4113106000 ---p 00037000 08:02 9707898                    /usr/lib/x86_64-linux-gnu/libtxc_dxtn_s2tc.so.0.0.0
7f4113106000-7f4113107000 r--p 00036000 08:02 9707898                    /usr/lib/x86_64-linux-gnu/libtxc_dxtn_s2tc.so.0.0.0
7f4113107000-7f4113108000 rw-p 00037000 08:02 9707898                    /usr/lib/x86_64-linux-gnu/libtxc_dxtn_s2tc.so.0.0.0
7f411310c000-7f411310d000 ---p 00000000 00:00 0 
7f411310d000-7f411390d000 rw-p 00000000 00:00 0 
7f411390d000-7f411390e000 ---p 00000000 00:00 0 
7f411390e000-7f411410e000 rw-p 00000000 00:00 0 
7f411410e000-7f411410f000 ---p 00000000 00:00 0 
7f411410f000-7f411490f000 rw-p 00000000 00:00 0 
7f411490f000-7f4114910000 ---p 00000000 00:00 0 
7f4114910000-7f4115110000 rw-p 00000000 00:00 0 
7f4115110000-7f4115135000 r-xp 00000000 08:02 34869472                   /lib/x86_64-linux-gnu/libtinfo.so.5.9
7f4115135000-7f4115334000 ---p 00025000 08:02 34869472                   /lib/x86_64-linux-gnu/libtinfo.so.5.9
7f4115334000-7f4115338000 r--p 00024000 08:02 34869472                   /lib/x86_64-linux-gnu/libtinfo.so.5.9
7f4115338000-7f4115339000 rw-p 00028000 08:02 34869472                   /lib/x86_64-linux-gnu/libtinfo.so.5.9
7f4115340000-7f4115369000 r-xp 00000000 08:02 9707204                    /usr/lib/x86_64-linux-gnu/libedit.so.2.0.47
7f4115369000-7f4115569000 ---p 00029000 08:02 9707204                    /usr/lib/x86_64-linux-gnu/libedit.so.2.0.47
7f4115569000-7f411556b000 r--p 00029000 08:02 9707204                    /usr/lib/x86_64-linux-gnu/libedit.so.2.0.47
7f411556b000-7f411556c000 rw-p 0002b000 08:02 9707204                    /usr/lib/x86_64-linux-gnu/libedit.so.2.0.47
7f411556c000-7f4115570000 rw-p 00000000 00:00 0 
7f4115570000-7f411722e000 r-xp 00000000 08:02 9706823                    /usr/lib/x86_64-linux-gnu/libLLVM-3.6.so.1
7f411722e000-7f411722f000 ---p 01cbe000 08:02 9706823                    /usr/lib/x86_64-linux-gnu/libLLVM-3.6.so.1
7f411722f000-7f4117446000 r--p 01cbe000 08:02 9706823                    /usr/lib/x86_64-linux-gnu/libLLVM-3.6.so.1
7f4117446000-7f411744c000 rw-p 01ed5000 08:02 9706823                    /usr/lib/x86_64-linux-gnu/libLLVM-3.6.so.1
7f411744c000-7f4117461000 rw-p 00000000 00:00 0 
7f4118000000-7f4118199000 rw-p 00000000 00:00 0 
7f4118199000-7f411c000000 ---p 00000000 00:00 0 
7f411c000000-7f411c001000 r--s 00000000 08:02 40632402                   /var/cache/fontconfig/56cf4f4769d0f4abc89a4895d7bd3ae1-le64.cache-4
7f411c008000-7f411c00b000 r--s 00000000 08:02 40632516                   /var/cache/fontconfig/e13b20fdb08344e0e664864cc2ede53d-le64.cache-4
7f411c030000-7f411c048000 r-xp 00000000 08:02 34869489                   /lib/x86_64-linux-gnu/libz.so.1.2.8
7f411c048000-7f411c247000 ---p 00018000 08:02 34869489                   /lib/x86_64-linux-gnu/libz.so.1.2.8
7f411c247000-7f411c248000 r--p 00017000 08:02 34869489                   /lib/x86_64-linux-gnu/libz.so.1.2.8
7f411c248000-7f411c249000 rw-p 00018000 08:02 34869489                   /lib/x86_64-linux-gnu/libz.so.1.2.8
7f411c250000-7f411c336000 r-xp 00000000 08:02 9707856                    /usr/lib/x86_64-linux-gnu/libstdc++.so.6.0.19
7f411c336000-7f411c535000 ---p 000e6000 08:02 9707856                    /usr/lib/x86_64-linux-gnu/libstdc++.so.6.0.19
7f411c535000-7f411c53d000 r--p 000e5000 08:02 9707856                    /usr/lib/x86_64-linux-gnu/libstdc++.so.6.0.19
7f411c53d000-7f411c53f000 rw-p 000ed000 08:02 9707856                    /usr/lib/x86_64-linux-gnu/libstdc++.so.6.0.19
7f411c53f000-7f411c554000 rw-p 00000000 00:00 0 
7f411cb87000-7f411cb8a000 ---p 00000000 00:00 0 
7f411cb8a000-7f411cc88000 rw-p 00000000 00:00 0 
7f411cc88000-7f411cce1000 r-xp 00000000 08:02 5505592                    /home/lemoyne/dev/GIT/cata3D/repository/NativeGL/libjogl_mobile.so
7f411cce1000-7f411cee1000 ---p 00059000 08:02 5505592                    /home/lemoyne/dev/GIT/cata3D/repository/NativeGL/libjogl_mobile.so
7f411cee1000-7f411cee2000 rw-p 00059000 08:02 5505592                    /home/lemoyne/dev/GIT/cata3D/repository/NativeGL/libjogl_mobile.so
7f411cee8000-7f411ceef000 r-xp 00000000 08:02 9707234                    /usr/lib/x86_64-linux-gnu/libffi.so.6.0.1
7f411ceef000-7f411d0ee000 ---p 00007000 08:02 9707234                    /usr/lib/x86_64-linux-gnu/libffi.so.6.0.1
7f411d0ee000-7f411d0ef000 r--p 00006000 08:02 9707234                    /usr/lib/x86_64-linux-gnu/libffi.so.6.0.1
7f411d0ef000-7f411d0f0000 rw-p 00007000 08:02 9707234                    /usr/lib/x86_64-linux-gnu/libffi.so.6.0.1
7f411d0f0000-7f411d117000 r-xp 00000000 08:02 34865249                   /lib/x86_64-linux-gnu/libexpat.so.1.6.0
7f411d117000-7f411d317000 ---p 00027000 08:02 34865249                   /lib/x86_64-linux-gnu/libexpat.so.1.6.0
7f411d317000-7f411d319000 r--p 00027000 08:02 34865249                   /lib/x86_64-linux-gnu/libexpat.so.1.6.0
7f411d319000-7f411d31a000 rw-p 00029000 08:02 34865249                   /lib/x86_64-linux-gnu/libexpat.so.1.6.0
7f411d320000-7f411ed1c000 r-xp 00000000 08:02 9837967                    /usr/lib/nvidia-346/libnvidia-glcore.so.346.96
7f411ed1c000-7f411ed3c000 rwxp 019fc000 08:02 9837967                    /usr/lib/nvidia-346/libnvidia-glcore.so.346.96
7f411ed3c000-7f411f1d3000 r-xp 01a1c000 08:02 9837967                    /usr/lib/nvidia-346/libnvidia-glcore.so.346.96
7f411f1d3000-7f411f3d3000 ---p 01eb3000 08:02 9837967                    /usr/lib/nvidia-346/libnvidia-glcore.so.346.96
7f411f3d3000-7f411ffdf000 rw-p 01eb3000 08:02 9837967                    /usr/lib/nvidia-346/libnvidia-glcore.so.346.96
7f411ffdf000-7f411fffe000 rw-p 00000000 00:00 0 
7f4120000000-7f4120021000 rw-p 00000000 00:00 0 
7f4120021000-7f4124000000 ---p 00000000 00:00 0 
7f4124000000-7f4124827000 rw-p 00000000 00:00 0 
7f4124827000-7f4128000000 ---p 00000000 00:00 0 
7f4128000000-7f41289d8000 rw-p 00000000 00:00 0 
7f41289d8000-7f412c000000 ---p 00000000 00:00 0 
7f412c000000-7f412c021000 rw-p 00000000 00:00 0 
7f412c021000-7f4130000000 ---p 00000000 00:00 0 
7f4130000000-7f4130024000 rw-p 00000000 00:00 0 
7f4130024000-7f4134000000 ---p 00000000 00:00 0 
7f4134000000-7f4134021000 rw-p 00000000 00:00 0 
7f4134021000-7f4138000000 ---p 00000000 00:00 0 
7f4138000000-7f4138021000 rw-p 00000000 00:00 0 
7f4138021000-7f413c000000 ---p 00000000 00:00 0 
7f413c000000-7f413c021000 rw-p 00000000 00:00 0 
7f413c021000-7f4140000000 ---p 00000000 00:00 0 
7f4140000000-7f4140001000 r--s 00000000 08:02 40632414                   /var/cache/fontconfig/b9d506c9ac06c20b433354fa67a72993-le64.cache-4
7f4140008000-7f414000c000 r--s 00000000 08:02 40641193                   /var/cache/fontconfig/7ef2298fde41cc6eeb7af42e48b7d293-le64.cache-4
7f4140010000-7f414001d000 r-xp 00000000 08:02 9701174                    /usr/lib/x86_64-linux-gnu/libdrm.so.2.4.0
7f414001d000-7f414021c000 ---p 0000d000 08:02 9701174                    /usr/lib/x86_64-linux-gnu/libdrm.so.2.4.0
7f414021c000-7f414021d000 r--p 0000c000 08:02 9701174                    /usr/lib/x86_64-linux-gnu/libdrm.so.2.4.0
7f414021d000-7f414021e000 rw-p 0000d000 08:02 9701174                    /usr/lib/x86_64-linux-gnu/libdrm.so.2.4.0
7f4140220000-7f414022c000 r-xp 00000000 08:02 9699980                    /usr/lib/x86_64-linux-gnu/libgbm.so.1.0.0
7f414022c000-7f414042c000 ---p 0000c000 08:02 9699980                    /usr/lib/x86_64-linux-gnu/libgbm.so.1.0.0
7f414042c000-7f414042d000 r--p 0000c000 08:02 9699980                    /usr/lib/x86_64-linux-gnu/libgbm.so.1.0.0
7f414042d000-7f414042e000 rw-p 0000d000 08:02 9699980                    /usr/lib/x86_64-linux-gnu/libgbm.so.1.0.0
7f4140430000-7f414043f000 r-xp 00000000 08:02 9701224                    /usr/lib/x86_64-linux-gnu/libwayland-server.so.0.1.0
7f414043f000-7f414063e000 ---p 0000f000 08:02 9701224                    /usr/lib/x86_64-linux-gnu/libwayland-server.so.0.1.0
7f414063e000-7f4140640000 r--p 0000e000 08:02 9701224                    /usr/lib/x86_64-linux-gnu/libwayland-server.so.0.1.0
7f4140640000-7f4140641000 rw-p 00010000 08:02 9701224                    /usr/lib/x86_64-linux-gnu/libwayland-server.so.0.1.0
7f4140648000-7f4140654000 r-xp 00000000 08:02 9699343                    /usr/lib/x86_64-linux-gnu/libwayland-client.so.0.3.0
7f4140654000-7f4140853000 ---p 0000c000 08:02 9699343                    /usr/lib/x86_64-linux-gnu/libwayland-client.so.0.3.0
7f4140853000-7f4140855000 r--p 0000b000 08:02 9699343                    /usr/lib/x86_64-linux-gnu/libwayland-client.so.0.3.0
7f4140855000-7f4140856000 rw-p 0000d000 08:02 9699343                    /usr/lib/x86_64-linux-gnu/libwayland-client.so.0.3.0
7f4140858000-7f414085d000 r-xp 00000000 08:02 9708014                    /usr/lib/x86_64-linux-gnu/libxcb-xfixes.so.0.0.0
7f414085d000-7f4140a5d000 ---p 00005000 08:02 9708014                    /usr/lib/x86_64-linux-gnu/libxcb-xfixes.so.0.0.0
7f4140a5d000-7f4140a5e000 r--p 00005000 08:02 9708014                    /usr/lib/x86_64-linux-gnu/libxcb-xfixes.so.0.0.0
7f4140a5e000-7f4140a5f000 rw-p 00006000 08:02 9708014                    /usr/lib/x86_64-linux-gnu/libxcb-xfixes.so.0.0.0
7f4140a60000-7f4140a63000 r-xp 00000000 08:02 9707986                    /usr/lib/x86_64-linux-gnu/libxcb-dri2.so.0.0.0
7f4140a63000-7f4140c63000 ---p 00003000 08:02 9707986                    /usr/lib/x86_64-linux-gnu/libxcb-dri2.so.0.0.0
7f4140c63000-7f4140c64000 r--p 00003000 08:02 9707986                    /usr/lib/x86_64-linux-gnu/libxcb-dri2.so.0.0.0
7f4140c64000-7f4140c65000 rw-p 00004000 08:02 9707986                    /usr/lib/x86_64-linux-gnu/libxcb-dri2.so.0.0.0
7f4140c68000-7f4140c69000 r-xp 00000000 08:02 9706946                    /usr/lib/x86_64-linux-gnu/libX11-xcb.so.1.0.0
7f4140c69000-7f4140e68000 ---p 00001000 08:02 9706946                    /usr/lib/x86_64-linux-gnu/libX11-xcb.so.1.0.0
7f4140e68000-7f4140e69000 r--p 00000000 08:02 9706946                    /usr/lib/x86_64-linux-gnu/libX11-xcb.so.1.0.0
7f4140e69000-7f4140e6a000 rw-p 00001000 08:02 9706946                    /usr/lib/x86_64-linux-gnu/libX11-xcb.so.1.0.0
7f4140e70000-7f4140e98000 r-xp 00000000 08:02 10094332                   /usr/lib/x86_64-linux-gnu/mesa-egl/libEGL.so.1.0.0
7f4140e98000-7f4141098000 ---p 00028000 08:02 10094332                   /usr/lib/x86_64-linux-gnu/mesa-egl/libEGL.so.1.0.0
7f4141098000-7f4141099000 r--p 00028000 08:02 10094332                   /usr/lib/x86_64-linux-gnu/mesa-egl/libEGL.so.1.0.0
7f4141099000-7f414109a000 rw-p 00029000 08:02 10094332                   /usr/lib/x86_64-linux-gnu/mesa-egl/libEGL.so.1.0.0
7f414109a000-7f414109b000 rw-p 00000000 00:00 0 
7f41410a0000-7f41410c5000 r-xp 00000000 08:02 9700538                    /usr/lib/x86_64-linux-gnu/libglapi.so.0.0.0
7f41410c5000-7f41412c5000 ---p 00025000 08:02 9700538                    /usr/lib/x86_64-linux-gnu/libglapi.so.0.0.0
7f41412c5000-7f41412c8000 r--p 00025000 08:02 9700538                    /usr/lib/x86_64-linux-gnu/libglapi.so.0.0.0
7f41412c8000-7f41412c9000 rw-p 00028000 08:02 9700538                    /usr/lib/x86_64-linux-gnu/libglapi.so.0.0.0
7f41412c9000-7f41412ca000 rw-p 00000000 00:00 0 
7f41412d0000-7f41412d6000 r-xp 00000000 08:02 10092777                   /usr/lib/x86_64-linux-gnu/mesa-egl/libGLESv2.so.2.0.0
7f41412d6000-7f41414d5000 ---p 00006000 08:02 10092777                   /usr/lib/x86_64-linux-gnu/mesa-egl/libGLESv2.so.2.0.0
7f41414d5000-7f41414d6000 r--p 00005000 08:02 10092777                   /usr/lib/x86_64-linux-gnu/mesa-egl/libGLESv2.so.2.0.0
7f41414d6000-7f41414d7000 rw-p 00006000 08:02 10092777                   /usr/lib/x86_64-linux-gnu/mesa-egl/libGLESv2.so.2.0.0
7f41414d8000-7f414158b000 r-xp 00000000 08:02 5505591                    /home/lemoyne/dev/GIT/cata3D/repository/NativeGL/libjogl_desktop.so
7f414158b000-7f414178b000 ---p 000b3000 08:02 5505591                    /home/lemoyne/dev/GIT/cata3D/repository/NativeGL/libjogl_desktop.so
7f414178b000-7f414178c000 rw-p 000b3000 08:02 5505591                    /home/lemoyne/dev/GIT/cata3D/repository/NativeGL/libjogl_desktop.so
7f4141790000-7f4141793000 r-xp 00000000 08:02 9964785                    /usr/lib/nvidia-346/tls/libnvidia-tls.so.346.96
7f4141793000-7f4141992000 ---p 00003000 08:02 9964785                    /usr/lib/nvidia-346/tls/libnvidia-tls.so.346.96
7f4141992000-7f4141993000 rw-p 00002000 08:02 9964785                    /usr/lib/nvidia-346/tls/libnvidia-tls.so.346.96
7f4141998000-7f4141a64000 r-xp 00000000 08:02 9836760                    /usr/lib/nvidia-346/libGL.so.346.96
7f4141a64000-7f4141a96000 rwxp 000cc000 08:02 9836760                    /usr/lib/nvidia-346/libGL.so.346.96
7f4141a96000-7f4141ab3000 r-xp 000fe000 08:02 9836760                    /usr/lib/nvidia-346/libGL.so.346.96
7f4141ab3000-7f4141cb3000 ---p 0011b000 08:02 9836760                    /usr/lib/nvidia-346/libGL.so.346.96
7f4141cb3000-7f4141cda000 rw-p 0011b000 08:02 9836760                    /usr/lib/nvidia-346/libGL.so.346.96
7f4141cda000-7f4141ef0000 rw-p 00000000 00:00 0 
7f4141ef0000-7f41420f0000 rw-p 00000000 00:00 0 
7f41420f0000-7f41420f7000 r-xp 00000000 08:02 5505594                    /home/lemoyne/dev/GIT/cata3D/repository/NativeGL/libnativewindow_x11.so
7f41420f7000-7f41422f6000 ---p 00007000 08:02 5505594                    /home/lemoyne/dev/GIT/cata3D/repository/NativeGL/libnativewindow_x11.so
7f41422f6000-7f41422f7000 rw-p 00006000 08:02 5505594                    /home/lemoyne/dev/GIT/cata3D/repository/NativeGL/libnativewindow_x11.so
7f41422f8000-7f41422fc000 r-xp 00000000 08:02 9707003                    /usr/lib/x86_64-linux-gnu/libXxf86vm.so.1.0.0
7f41422fc000-7f41424fc000 ---p 00004000 08:02 9707003                    /usr/lib/x86_64-linux-gnu/libXxf86vm.so.1.0.0
7f41424fc000-7f41424fd000 r--p 00004000 08:02 9707003                    /usr/lib/x86_64-linux-gnu/libXxf86vm.so.1.0.0
7f41424fd000-7f41424fe000 rw-p 00005000 08:02 9707003                    /usr/lib/x86_64-linux-gnu/libXxf86vm.so.1.0.0
7f4142500000-7f4142502000 r-xp 00000000 08:02 5505593                    /home/lemoyne/dev/GIT/cata3D/repository/NativeGL/libnativewindow_awt.so
7f4142502000-7f4142701000 ---p 00002000 08:02 5505593                    /home/lemoyne/dev/GIT/cata3D/repository/NativeGL/libnativewindow_awt.so
7f4142701000-7f4142702000 rw-p 00001000 08:02 5505593                    /home/lemoyne/dev/GIT/cata3D/repository/NativeGL/libnativewindow_awt.so
7f4142708000-7f4142709000 r-xp 00000000 08:02 5245595                    /home/lemoyne/tools/eclipse-installer/jre/lib/amd64/libjawt.so
7f4142709000-7f4142908000 ---p 00001000 08:02 5245595                    /home/lemoyne/tools/eclipse-installer/jre/lib/amd64/libjawt.so
7f4142908000-7f4142909000 rw-p 00000000 08:02 5245595                    /home/lemoyne/tools/eclipse-installer/jre/lib/amd64/libjawt.so
7f4142910000-7f4142912000 r-xp 00000000 08:02 5505587                    /home/lemoyne/dev/GIT/cata3D/repository/NativeGL/libgluegen-rt.so
7f4142912000-7f4142b11000 ---p 00002000 08:02 5505587                    /home/lemoyne/dev/GIT/cata3D/repository/NativeGL/libgluegen-rt.so
7f4142b11000-7f4142b12000 rw-p 00001000 08:02 5505587                    /home/lemoyne/dev/GIT/cata3D/repository/NativeGL/libgluegen-rt.so
7f4142b17000-7f4142b1a000 ---p 00000000 00:00 0 
7f4142b1a000-7f4142c18000 rw-p 00000000 00:00 0 
7f4142c18000-7f4142c29000 r-xp 00000000 08:02 5245635                    /home/lemoyne/tools/eclipse-installer/jre/lib/amd64/libnio.so
7f4142c29000-7f4142e28000 ---p 00011000 08:02 5245635                    /home/lemoyne/tools/eclipse-installer/jre/lib/amd64/libnio.so
7f4142e28000-7f4142e29000 rw-p 00010000 08:02 5245635                    /home/lemoyne/tools/eclipse-installer/jre/lib/amd64/libnio.so
7f4142e30000-7f4142e46000 r-xp 00000000 08:02 5245609                    /home/lemoyne/tools/eclipse-installer/jre/lib/amd64/libnet.so
7f4142e46000-7f4143046000 ---p 00016000 08:02 5245609                    /home/lemoyne/tools/eclipse-installer/jre/lib/amd64/libnet.so
7f4143046000-7f4143047000 rw-p 00016000 08:02 5245609                    /home/lemoyne/tools/eclipse-installer/jre/lib/amd64/libnet.so
7f414304c000-7f414324c000 rw-p 00000000 00:00 0 
7f414324c000-7f414324f000 ---p 00000000 00:00 0 
7f414324f000-7f414334d000 rw-p 00000000 00:00 0 
7f414334d000-7f4143350000 ---p 00000000 00:00 0 
7f4143350000-7f414344e000 rw-p 00000000 00:00 0                          [stack:2739]
7f414344e000-7f4143451000 ---p 00000000 00:00 0 
7f4143451000-7f414354f000 rw-p 00000000 00:00 0                          [stack:2738]
7f414354f000-7f4143552000 ---p 00000000 00:00 0 
7f4143552000-7f4143650000 rw-p 00000000 00:00 0                          [stack:2737]
7f4143650000-7f4143655000 r-xp 00000000 08:02 9706967                    /usr/lib/x86_64-linux-gnu/libXfixes.so.3.1.0
7f4143655000-7f4143854000 ---p 00005000 08:02 9706967                    /usr/lib/x86_64-linux-gnu/libXfixes.so.3.1.0
7f4143854000-7f4143855000 r--p 00004000 08:02 9706967                    /usr/lib/x86_64-linux-gnu/libXfixes.so.3.1.0
7f4143855000-7f4143856000 rw-p 00005000 08:02 9706967                    /usr/lib/x86_64-linux-gnu/libXfixes.so.3.1.0
7f4143858000-7f4143861000 r-xp 00000000 08:02 9706959                    /usr/lib/x86_64-linux-gnu/libXcursor.so.1.0.2
7f4143861000-7f4143a60000 ---p 00009000 08:02 9706959                    /usr/lib/x86_64-linux-gnu/libXcursor.so.1.0.2
7f4143a60000-7f4143a61000 r--p 00008000 08:02 9706959                    /usr/lib/x86_64-linux-gnu/libXcursor.so.1.0.2
7f4143a61000-7f4143a62000 rw-p 00009000 08:02 9706959                    /usr/lib/x86_64-linux-gnu/libXcursor.so.1.0.2
7f4143a67000-7f4143a6a000 ---p 00000000 00:00 0 
7f4143a6a000-7f4143b68000 rw-p 00000000 00:00 0                          [stack:2736]
7f4143b68000-7f4143b7e000 r-xp 00000000 08:02 34869353                   /lib/x86_64-linux-gnu/libgcc_s.so.1
7f4143b7e000-7f4143d7d000 ---p 00016000 08:02 34869353                   /lib/x86_64-linux-gnu/libgcc_s.so.1
7f4143d7d000-7f4143d7e000 rw-p 00015000 08:02 34869353                   /lib/x86_64-linux-gnu/libgcc_s.so.1
7f4143d80000-7f4143de5000 r-xp 00000000 08:02 5245613                    /home/lemoyne/tools/eclipse-installer/jre/lib/amd64/libfontmanager.so
7f4143de5000-7f4143fe5000 ---p 00065000 08:02 5245613                    /home/lemoyne/tools/eclipse-installer/jre/lib/amd64/libfontmanager.so
7f4143fe5000-7f4143fe9000 rw-p 00065000 08:02 5245613                    /home/lemoyne/tools/eclipse-installer/jre/lib/amd64/libfontmanager.so
7f4143fe9000-7f4143ffa000 rw-p 00000000 00:00 0 
7f4144000000-7f41444dd000 rw-p 00000000 00:00 0 
7f41444dd000-7f4148000000 ---p 00000000 00:00 0 
7f4148000000-7f4148021000 rw-p 00000000 00:00 0 
7f4148021000-7f414c000000 ---p 00000000 00:00 0 
7f414c000000-7f414e0de000 rw-p 00000000 00:00 0 
7f414e0de000-7f4150000000 ---p 00000000 00:00 0 
7f4150000000-7f4150caf000 rw-p 00000000 00:00 0 
7f4150caf000-7f4154000000 ---p 00000000 00:00 0 
7f4154000000-7f4154021000 rw-p 00000000 00:00 0 
7f4154021000-7f4158000000 ---p 00000000 00:00 0 
7f4158000000-7f4158021000 rw-p 00000000 00:00 0 
7f4158021000-7f415c000000 ---p 00000000 00:00 0 
7f415c000000-7f415c021000 rw-p 00000000 00:00 0 
7f415c021000-7f4160000000 ---p 00000000 00:00 0 
7f4160000000-7f41600de000 rw-p 00000000 00:00 0 
7f41600de000-7f4164000000 ---p 00000000 00:00 0 
7f4164000000-7f4164021000 rw-p 00000000 00:00 0 
7f4164021000-7f4168000000 ---p 00000000 00:00 0 
7f4168000000-7f4168021000 rw-p 00000000 00:00 0 
7f4168021000-7f416c000000 ---p 00000000 00:00 0 
7f416c000000-7f416c021000 rw-p 00000000 00:00 0 
7f416c021000-7f4170000000 ---p 00000000 00:00 0 
7f4170000000-7f417007f000 rw-p 00000000 00:00 0 
7f417007f000-7f4174000000 ---p 00000000 00:00 0 
7f4174000000-7f4174021000 rw-p 00000000 00:00 0 
7f4174021000-7f4178000000 ---p 00000000 00:00 0 
7f4178000000-7f4178001000 r--s 00000000 08:02 40632391                   /var/cache/fontconfig/0c9eb80ebd1c36541ebe2852d3bb0c49-le64.cache-4
7f4178008000-7f417800a000 rw-s 00000000 08:02 35389458                   /tmp/.glhdCfwx (deleted)
7f4178028000-7f417802d000 r-xp 00000000 08:02 9706963                    /usr/lib/x86_64-linux-gnu/libXdmcp.so.6.0.0
7f417802d000-7f417822c000 ---p 00005000 08:02 9706963                    /usr/lib/x86_64-linux-gnu/libXdmcp.so.6.0.0
7f417822c000-7f417822d000 r--p 00004000 08:02 9706963                    /usr/lib/x86_64-linux-gnu/libXdmcp.so.6.0.0
7f417822d000-7f417822e000 rw-p 00005000 08:02 9706963                    /usr/lib/x86_64-linux-gnu/libXdmcp.so.6.0.0
7f4178230000-7f4178232000 r-xp 00000000 08:02 9706952                    /usr/lib/x86_64-linux-gnu/libXau.so.6.0.0
7f4178232000-7f4178432000 ---p 00002000 08:02 9706952                    /usr/lib/x86_64-linux-gnu/libXau.so.6.0.0
7f4178432000-7f4178433000 r--p 00002000 08:02 9706952                    /usr/lib/x86_64-linux-gnu/libXau.so.6.0.0
7f4178433000-7f4178434000 rw-p 00003000 08:02 9706952                    /usr/lib/x86_64-linux-gnu/libXau.so.6.0.0
7f4178438000-7f4178455000 r-xp 00000000 08:02 9708018                    /usr/lib/x86_64-linux-gnu/libxcb.so.1.1.0
7f4178455000-7f4178655000 ---p 0001d000 08:02 9708018                    /usr/lib/x86_64-linux-gnu/libxcb.so.1.1.0
7f4178655000-7f4178656000 r--p 0001d000 08:02 9708018                    /usr/lib/x86_64-linux-gnu/libxcb.so.1.1.0
7f4178656000-7f4178657000 rw-p 0001e000 08:02 9708018                    /usr/lib/x86_64-linux-gnu/libxcb.so.1.1.0
7f4178658000-7f4178667000 r-xp 00000000 08:02 9706973                    /usr/lib/x86_64-linux-gnu/libXi.so.6.1.0
7f4178667000-7f4178866000 ---p 0000f000 08:02 9706973                    /usr/lib/x86_64-linux-gnu/libXi.so.6.1.0
7f4178866000-7f4178867000 r--p 0000e000 08:02 9706973                    /usr/lib/x86_64-linux-gnu/libXi.so.6.1.0
7f4178867000-7f4178868000 rw-p 0000f000 08:02 9706973                    /usr/lib/x86_64-linux-gnu/libXi.so.6.1.0
7f4178868000-7f417886d000 r-xp 00000000 08:02 9706993                    /usr/lib/x86_64-linux-gnu/libXtst.so.6.1.0
7f417886d000-7f4178a6c000 ---p 00005000 08:02 9706993                    /usr/lib/x86_64-linux-gnu/libXtst.so.6.1.0
7f4178a6c000-7f4178a6d000 r--p 00004000 08:02 9706993                    /usr/lib/x86_64-linux-gnu/libXtst.so.6.1.0
7f4178a6d000-7f4178a6e000 rw-p 00005000 08:02 9706993                    /usr/lib/x86_64-linux-gnu/libXtst.so.6.1.0
7f4178a70000-7f4178a79000 r-xp 00000000 08:02 9706987                    /usr/lib/x86_64-linux-gnu/libXrender.so.1.3.0
7f4178a79000-7f4178c78000 ---p 00009000 08:02 9706987                    /usr/lib/x86_64-linux-gnu/libXrender.so.1.3.0
7f4178c78000-7f4178c79000 r--p 00008000 08:02 9706987                    /usr/lib/x86_64-linux-gnu/libXrender.so.1.3.0
7f4178c79000-7f4178c7a000 rw-p 00009000 08:02 9706987                    /usr/lib/x86_64-linux-gnu/libXrender.so.1.3.0
7f4178c80000-7f4178db0000 r-xp 00000000 08:02 9706948                    /usr/lib/x86_64-linux-gnu/libX11.so.6.3.0
7f4178db0000-7f4178fb0000 ---p 00130000 08:02 9706948                    /usr/lib/x86_64-linux-gnu/libX11.so.6.3.0
7f4178fb0000-7f4178fb1000 r--p 00130000 08:02 9706948                    /usr/lib/x86_64-linux-gnu/libX11.so.6.3.0
7f4178fb1000-7f4178fb5000 rw-p 00131000 08:02 9706948                    /usr/lib/x86_64-linux-gnu/libX11.so.6.3.0
7f4178fb8000-7f4178fc9000 r-xp 00000000 08:02 9706965                    /usr/lib/x86_64-linux-gnu/libXext.so.6.4.0
7f4178fc9000-7f41791c8000 ---p 00011000 08:02 9706965                    /usr/lib/x86_64-linux-gnu/libXext.so.6.4.0
7f41791c8000-7f41791c9000 r--p 00010000 08:02 9706965                    /usr/lib/x86_64-linux-gnu/libXext.so.6.4.0
7f41791c9000-7f41791ca000 rw-p 00011000 08:02 9706965                    /usr/lib/x86_64-linux-gnu/libXext.so.6.4.0
7f41791d0000-7f4179224000 r-xp 00000000 08:02 5245622                    /home/lemoyne/tools/eclipse-installer/jre/lib/amd64/libawt_xawt.so
7f4179224000-7f4179424000 ---p 00054000 08:02 5245622                    /home/lemoyne/tools/eclipse-installer/jre/lib/amd64/libawt_xawt.so
7f4179424000-7f4179428000 rw-p 00054000 08:02 5245622                    /home/lemoyne/tools/eclipse-installer/jre/lib/amd64/libawt_xawt.so
7f4179428000-7f4179429000 rw-p 00000000 00:00 0 
7f4179430000-7f41794d2000 r-xp 00000000 08:02 5245382                    /home/lemoyne/tools/eclipse-installer/jre/lib/amd64/libawt.so
7f41794d2000-7f41796d2000 ---p 000a2000 08:02 5245382                    /home/lemoyne/tools/eclipse-installer/jre/lib/amd64/libawt.so
7f41796d2000-7f41796de000 rw-p 000a2000 08:02 5245382                    /home/lemoyne/tools/eclipse-installer/jre/lib/amd64/libawt.so
7f41796de000-7f4179702000 rw-p 00000000 00:00 0 
7f4179708000-7f4179709000 ---p 00000000 00:00 0 
7f4179709000-7f4179809000 rw-p 00000000 00:00 0                          [stack:2735]
7f4179809000-7f417980c000 ---p 00000000 00:00 0 
7f417980c000-7f417990a000 rw-p 00000000 00:00 0                          [stack:2734]
7f417990a000-7f417990d000 ---p 00000000 00:00 0 
7f417990d000-7f4179a0b000 rw-p 00000000 00:00 0                          [stack:2733]
7f4179a0b000-7f4179a0e000 ---p 00000000 00:00 0 
7f4179a0e000-7f4179b0c000 rw-p 00000000 00:00 0                          [stack:2732]
7f4179b0c000-7f4179b0f000 ---p 00000000 00:00 0 
7f4179b0f000-7f4179c0d000 rw-p 00000000 00:00 0                          [stack:2731]
7f4179c0d000-7f4179c10000 ---p 00000000 00:00 0 
7f4179c10000-7f4179d0e000 rw-p 00000000 00:00 0                          [stack:2831]
7f4179d0e000-7f4179d11000 ---p 00000000 00:00 0 
7f4179d11000-7f4179e0f000 rw-p 00000000 00:00 0                          [stack:2726]
7f4179e0f000-7f4179e12000 ---p 00000000 00:00 0 
7f4179e12000-7f4179f10000 rw-p 00000000 00:00 0                          [stack:2725]
7f4179f10000-7f4179f14000 r-xp 00000000 08:02 5245578                    /home/lemoyne/tools/eclipse-installer/jre/lib/amd64/libdt_socket.so
7f4179f14000-7f417a113000 ---p 00004000 08:02 5245578                    /home/lemoyne/tools/eclipse-installer/jre/lib/amd64/libdt_socket.so
7f417a113000-7f417a114000 rw-p 00003000 08:02 5245578                    /home/lemoyne/tools/eclipse-installer/jre/lib/amd64/libdt_socket.so
7f417a114000-7f417a117000 ---p 00000000 00:00 0 
7f417a117000-7f417a215000 rw-p 00000000 00:00 0                          [stack:2723]
7f417a215000-7f417a218000 ---p 00000000 00:00 0 
7f417a218000-7f417a316000 rw-p 00000000 00:00 0                          [stack:2722]
7f417a316000-7f417a319000 ---p 00000000 00:00 0 
7f417a319000-7f417a417000 rw-p 00000000 00:00 0                          [stack:2721]
7f417a417000-7f417a418000 ---p 00000000 00:00 0 
7f417a418000-7f417c000000 rw-p 00000000 00:00 0                          [stack:2719]
7f417c000000-7f417c021000 rw-p 00000000 00:00 0 
7f417c021000-7f4180000000 ---p 00000000 00:00 0 
7f4180007000-7f418000b000 rw-s 20c71f000 00:06 2023                      /dev/nvidiactl
7f4180098000-7f4180270000 r--s 03d20000 08:02 5245653                    /home/lemoyne/tools/eclipse-installer/jre/lib/rt.jar
7f4180270000-7f4184000000 rw-p 00000000 00:00 0 
7f4184000000-7f4184021000 rw-p 00000000 00:00 0 
7f4184021000-7f4188000000 ---p 00000000 00:00 0 
7f4188008000-7f4188009000 rw-s fd060000 00:06 2024                       /dev/nvidia0
7f418801e000-7f4188028000 r--s 00116000 08:02 5245662                    /home/lemoyne/tools/eclipse-installer/jre/lib/ext/localedata.jar
7f418802f000-7f4188032000 ---p 00000000 00:00 0 
7f4188032000-7f4188068000 rw-p 00000000 00:00 0 
7f4188068000-7f418808b000 r--s 00308000 08:02 5505376                    /home/lemoyne/dev/GIT/cata3D/repository/jogl-all.jar
7f418808b000-7f41881b3000 rw-p 00000000 00:00 0 
7f41881b3000-7f41881b4000 ---p 00000000 00:00 0 
7f41881b4000-7f41882b4000 rw-p 00000000 00:00 0                          [stack:2718]
7f41882b4000-7f41882b5000 ---p 00000000 00:00 0 
7f41882b5000-7f41883d5000 rw-p 00000000 00:00 0                          [stack:2717]
7f41883d5000-7f4188646000 ---p 00000000 00:00 0 
7f4188646000-7f4188666000 rw-p 00000000 00:00 0 
7f4188666000-7f41888d6000 ---p 00000000 00:00 0 
7f41888d6000-7f41888f1000 rw-p 00000000 00:00 0 
7f41888f1000-7f4188a1f000 ---p 00000000 00:00 0 
7f4188a1f000-7f4188a3c000 rw-p 00000000 00:00 0 
7f4188a3c000-7f4188de0000 ---p 00000000 00:00 0 
7f4188de0000-7f41894b0000 rwxp 00000000 00:00 0 
7f41894b0000-7f4197de0000 ---p 00000000 00:00 0 
7f4197de0000-7f4197dfa000 r-xp 00000000 08:02 5245604                    /home/lemoyne/tools/eclipse-installer/jre/lib/amd64/libzip.so
7f4197dfa000-7f4197ffa000 ---p 0001a000 08:02 5245604                    /home/lemoyne/tools/eclipse-installer/jre/lib/amd64/libzip.so
7f4197ffa000-7f4197ffb000 rw-p 0001a000 08:02 5245604                    /home/lemoyne/tools/eclipse-installer/jre/lib/amd64/libzip.so
7f4198000000-7f4198253000 rw-p 00000000 00:00 0 
7f4198253000-7f419c000000 ---p 00000000 00:00 0 
7f419c00a000-7f419c010000 r--s 0004a000 08:02 5505375                    /home/lemoyne/dev/GIT/cata3D/repository/gluegen-rt.jar
7f419c016000-7f419c01b000 r--s 00096000 08:02 5245656                    /home/lemoyne/tools/eclipse-installer/jre/lib/jsse.jar
7f419c01e000-7f419c01f000 ---p 00000000 00:00 0 
7f419c01f000-7f419c11f000 rw-p 00000000 00:00 0                          [stack:2716]
7f419c11f000-7f419c120000 ---p 00000000 00:00 0 
7f419c120000-7f419c220000 rw-p 00000000 00:00 0                          [stack:2715]
7f419c220000-7f419c22b000 r-xp 00000000 08:02 34869401                   /lib/x86_64-linux-gnu/libnss_files-2.19.so
7f419c22b000-7f419c42a000 ---p 0000b000 08:02 34869401                   /lib/x86_64-linux-gnu/libnss_files-2.19.so
7f419c42a000-7f419c42b000 r--p 0000a000 08:02 34869401                   /lib/x86_64-linux-gnu/libnss_files-2.19.so
7f419c42b000-7f419c42c000 rw-p 0000b000 08:02 34869401                   /lib/x86_64-linux-gnu/libnss_files-2.19.so
7f419c430000-7f419c43b000 r-xp 00000000 08:02 34869411                   /lib/x86_64-linux-gnu/libnss_nis-2.19.so
7f419c43b000-7f419c63a000 ---p 0000b000 08:02 34869411                   /lib/x86_64-linux-gnu/libnss_nis-2.19.so
7f419c63a000-7f419c63b000 r--p 0000a000 08:02 34869411                   /lib/x86_64-linux-gnu/libnss_nis-2.19.so
7f419c63b000-7f419c63c000 rw-p 0000b000 08:02 34869411                   /lib/x86_64-linux-gnu/libnss_nis-2.19.so
7f419c640000-7f419c657000 r-xp 00000000 08:02 34869395                   /lib/x86_64-linux-gnu/libnsl-2.19.so
7f419c657000-7f419c856000 ---p 00017000 08:02 34869395                   /lib/x86_64-linux-gnu/libnsl-2.19.so
7f419c856000-7f419c857000 r--p 00016000 08:02 34869395                   /lib/x86_64-linux-gnu/libnsl-2.19.so
7f419c857000-7f419c858000 rw-p 00017000 08:02 34869395                   /lib/x86_64-linux-gnu/libnsl-2.19.so
7f419c858000-7f419c85a000 rw-p 00000000 00:00 0 
7f419c860000-7f419c869000 r-xp 00000000 08:02 34869397                   /lib/x86_64-linux-gnu/libnss_compat-2.19.so
7f419c869000-7f419ca68000 ---p 00009000 08:02 34869397                   /lib/x86_64-linux-gnu/libnss_compat-2.19.so
7f419ca68000-7f419ca69000 r--p 00008000 08:02 34869397                   /lib/x86_64-linux-gnu/libnss_compat-2.19.so
7f419ca69000-7f419ca6a000 rw-p 00009000 08:02 34869397                   /lib/x86_64-linux-gnu/libnss_compat-2.19.so
7f419ca70000-7f419d153000 r--p 00000000 08:02 9705998                    /usr/lib/locale/locale-archive
7f419d158000-7f419d15a000 r-xp 00000000 08:02 5245588                    /home/lemoyne/tools/eclipse-installer/jre/lib/amd64/libnpt.so
7f419d15a000-7f419d35a000 ---p 00002000 08:02 5245588                    /home/lemoyne/tools/eclipse-installer/jre/lib/amd64/libnpt.so
7f419d35a000-7f419d35b000 rw-p 00002000 08:02 5245588                    /home/lemoyne/tools/eclipse-installer/jre/lib/amd64/libnpt.so
7f419d360000-7f419d399000 r-xp 00000000 08:02 5245594                    /home/lemoyne/tools/eclipse-installer/jre/lib/amd64/libjdwp.so
7f419d399000-7f419d598000 ---p 00039000 08:02 5245594                    /home/lemoyne/tools/eclipse-installer/jre/lib/amd64/libjdwp.so
7f419d598000-7f419d59a000 rw-p 00038000 08:02 5245594                    /home/lemoyne/tools/eclipse-installer/jre/lib/amd64/libjdwp.so
7f419d5a0000-7f419d5ca000 r-xp 00000000 08:02 5245584                    /home/lemoyne/tools/eclipse-installer/jre/lib/amd64/libjava.so
7f419d5ca000-7f419d7ca000 ---p 0002a000 08:02 5245584                    /home/lemoyne/tools/eclipse-installer/jre/lib/amd64/libjava.so
7f419d7ca000-7f419d7cc000 rw-p 0002a000 08:02 5245584                    /home/lemoyne/tools/eclipse-installer/jre/lib/amd64/libjava.so
7f419d7d0000-7f419d7dd000 r-xp 00000000 08:02 5245598                    /home/lemoyne/tools/eclipse-installer/jre/lib/amd64/libverify.so
7f419d7dd000-7f419d9dd000 ---p 0000d000 08:02 5245598                    /home/lemoyne/tools/eclipse-installer/jre/lib/amd64/libverify.so
7f419d9dd000-7f419d9df000 rw-p 0000d000 08:02 5245598                    /home/lemoyne/tools/eclipse-installer/jre/lib/amd64/libverify.so
7f419d9e0000-7f419d9e7000 r-xp 00000000 08:02 34869454                   /lib/x86_64-linux-gnu/librt-2.19.so
7f419d9e7000-7f419dbe6000 ---p 00007000 08:02 34869454                   /lib/x86_64-linux-gnu/librt-2.19.so
7f419dbe6000-7f419dbe7000 r--p 00006000 08:02 34869454                   /lib/x86_64-linux-gnu/librt-2.19.so
7f419dbe7000-7f419dbe8000 rw-p 00007000 08:02 34869454                   /lib/x86_64-linux-gnu/librt-2.19.so
7f419dbe8000-7f419dced000 r-xp 00000000 08:02 34869376                   /lib/x86_64-linux-gnu/libm-2.19.so
7f419dced000-7f419deec000 ---p 00105000 08:02 34869376                   /lib/x86_64-linux-gnu/libm-2.19.so
7f419deec000-7f419deed000 r--p 00104000 08:02 34869376                   /lib/x86_64-linux-gnu/libm-2.19.so
7f419deed000-7f419deee000 rw-p 00105000 08:02 34869376                   /lib/x86_64-linux-gnu/libm-2.19.so
7f419def0000-7f419ebae000 r-xp 00000000 08:02 5245619                    /home/lemoyne/tools/eclipse-installer/jre/lib/amd64/server/libjvm.so
7f419ebae000-7f419edad000 ---p 00cbe000 08:02 5245619                    /home/lemoyne/tools/eclipse-installer/jre/lib/amd64/server/libjvm.so
7f419edad000-7f419ee85000 rw-p 00cbd000 08:02 5245619                    /home/lemoyne/tools/eclipse-installer/jre/lib/amd64/server/libjvm.so
7f419ee85000-7f419eeca000 rw-p 00000000 00:00 0 
7f419eed0000-7f419f08b000 r-xp 00000000 08:02 34869326                   /lib/x86_64-linux-gnu/libc-2.19.so
7f419f08b000-7f419f28a000 ---p 001bb000 08:02 34869326                   /lib/x86_64-linux-gnu/libc-2.19.so
7f419f28a000-7f419f28e000 r--p 001ba000 08:02 34869326                   /lib/x86_64-linux-gnu/libc-2.19.so
7f419f28e000-7f419f290000 rw-p 001be000 08:02 34869326                   /lib/x86_64-linux-gnu/libc-2.19.so
7f419f290000-7f419f295000 rw-p 00000000 00:00 0 
7f419f298000-7f419f29b000 r-xp 00000000 08:02 34869343                   /lib/x86_64-linux-gnu/libdl-2.19.so
7f419f29b000-7f419f49a000 ---p 00003000 08:02 34869343                   /lib/x86_64-linux-gnu/libdl-2.19.so
7f419f49a000-7f419f49b000 r--p 00002000 08:02 34869343                   /lib/x86_64-linux-gnu/libdl-2.19.so
7f419f49b000-7f419f49c000 rw-p 00003000 08:02 34869343                   /lib/x86_64-linux-gnu/libdl-2.19.so
7f419f4a0000-7f419f4b5000 r-xp 00000000 08:02 5245593                    /home/lemoyne/tools/eclipse-installer/jre/lib/amd64/jli/libjli.so
7f419f4b5000-7f419f6b5000 ---p 00015000 08:02 5245593                    /home/lemoyne/tools/eclipse-installer/jre/lib/amd64/jli/libjli.so
7f419f6b5000-7f419f6b6000 rw-p 00015000 08:02 5245593                    /home/lemoyne/tools/eclipse-installer/jre/lib/amd64/jli/libjli.so
7f419f6b8000-7f419f6d1000 r-xp 00000000 08:02 34869446                   /lib/x86_64-linux-gnu/libpthread-2.19.so
7f419f6d1000-7f419f8d0000 ---p 00019000 08:02 34869446                   /lib/x86_64-linux-gnu/libpthread-2.19.so
7f419f8d0000-7f419f8d1000 r--p 00018000 08:02 34869446                   /lib/x86_64-linux-gnu/libpthread-2.19.so
7f419f8d1000-7f419f8d2000 rw-p 00019000 08:02 34869446                   /lib/x86_64-linux-gnu/libpthread-2.19.so
7f419f8d2000-7f419f8d6000 rw-p 00000000 00:00 0 
7f419f8d8000-7f419f8fb000 r-xp 00000000 08:02 34869302                   /lib/x86_64-linux-gnu/ld-2.19.so
7f419f8fc000-7f419f9e8000 rw-p 00000000 00:00 0 
7f419f9e8000-7f419f9f0000 rw-s 00000000 08:02 35389456                   /tmp/hsperfdata_lemoyne/2708
7f419f9f2000-7f419f9f4000 rw-p 00000000 00:00 0 
7f419f9f4000-7f419f9f5000 rwxp 00000000 00:00 0 
7f419f9f5000-7f419f9f6000 r--p 00000000 00:00 0 
7f419f9f6000-7f419f9f7000 rw-p 00000000 00:00 0 
7f419f9f7000-7f419f9fa000 ---p 00000000 00:00 0 
7f419f9fa000-7f419fafa000 rw-p 00000000 00:00 0                          [stack:2709]
7f419fafa000-7f419fafb000 r--p 00022000 08:02 34869302                   /lib/x86_64-linux-gnu/ld-2.19.so
7f419fafb000-7f419fafc000 rw-p 00023000 08:02 34869302                   /lib/x86_64-linux-gnu/ld-2.19.so
7f419fafc000-7f419fafd000 rw-p 00000000 00:00 0 
7f419fafd000-7f419fafe000 r--p 00000000 00:00 0 
7f419fafe000-7f419fb02000 rw-p 00000000 00:00 0 
7ffd26385000-7ffd263a6000 rw-p 00000000 00:00 0                          [stack]
7ffd263d8000-7ffd263da000 r--p 00000000 00:00 0                          [vvar]
7ffd263da000-7ffd263dc000 r-xp 00000000 00:00 0                          [vdso]
ffffffffff600000-ffffffffff601000 r-xp 00000000 00:00 0                  [vsyscall]

VM Arguments:
jvm_args: -agentlib:jdwp=transport=dt_socket,suspend=y,address=localhost:47388 -Djava.library.path=/home/lemoyne/dev/GIT/cata3D/repository/NativeGL:/home/lemoyne/dev/GIT/cata3D/repository/NativeGL -Dfile.encoding=UTF-8 
java_command: appli.Viewer
java_class_path (initial): /home/lemoyne/dev/GIT/cata3D/Cata3D/bin:/home/lemoyne/dev/GIT/cata3D/repository/gluegen-rt.jar:/home/lemoyne/dev/GIT/cata3D/repository/jogl-all.jar
Launcher Type: SUN_STANDARD

Environment Variables:
PATH=/usr/local/sbin:/usr/local/bin:/usr/sbin:/usr/bin:/sbin:/bin:/usr/games:/usr/local/games
SHELL=/bin/bash
DISPLAY=:0

Signal Handlers:
SIGSEGV: [libjvm.so+0xaba070], sa_mask[0]=11111111011111111101111111111110, sa_flags=SA_RESTART|SA_SIGINFO
SIGBUS: [libjvm.so+0xaba070], sa_mask[0]=11111111011111111101111111111110, sa_flags=SA_RESTART|SA_SIGINFO
SIGFPE: [libjvm.so+0x917630], sa_mask[0]=11111111011111111101111111111110, sa_flags=SA_RESTART|SA_SIGINFO
SIGPIPE: [libjvm.so+0x917630], sa_mask[0]=11111111011111111101111111111110, sa_flags=SA_RESTART|SA_SIGINFO
SIGXFSZ: [libjvm.so+0x917630], sa_mask[0]=11111111011111111101111111111110, sa_flags=SA_RESTART|SA_SIGINFO
SIGILL: [libjvm.so+0x917630], sa_mask[0]=11111111011111111101111111111110, sa_flags=SA_RESTART|SA_SIGINFO
SIGUSR1: SIG_DFL, sa_mask[0]=00000000000000000000000000000000, sa_flags=none
SIGUSR2: [libjvm.so+0x918c60], sa_mask[0]=00100000000000000000000000000000, sa_flags=SA_RESTART|SA_SIGINFO
SIGHUP: [libjvm.so+0x91a060], sa_mask[0]=11111111011111111101111111111110, sa_flags=SA_RESTART|SA_SIGINFO
SIGINT: [libjvm.so+0x91a060], sa_mask[0]=11111111011111111101111111111110, sa_flags=SA_RESTART|SA_SIGINFO
SIGTERM: [libjvm.so+0x91a060], sa_mask[0]=11111111011111111101111111111110, sa_flags=SA_RESTART|SA_SIGINFO
SIGQUIT: [libjvm.so+0x91a060], sa_mask[0]=11111111011111111101111111111110, sa_flags=SA_RESTART|SA_SIGINFO


---------------  S Y S T E M  ---------------

OS:DISTRIB_ID=Ubuntu
DISTRIB_RELEASE=14.04
DISTRIB_CODENAME=trusty
DISTRIB_DESCRIPTION="Ubuntu 14.04.3 LTS"

uname:Linux 3.19.0-32-generic #37~14.04.1-Ubuntu SMP Thu Oct 22 09:41:40 UTC 2015 x86_64
libc:glibc 2.19 NPTL 2.19 
rlimit: STACK 8192k, CORE 0k, NPROC 30580, NOFILE 4096, AS infinity
load average:0,03 0,03 0,10

/proc/meminfo:
MemTotal:        8068536 kB
MemFree:         5967948 kB
MemAvailable:    6529472 kB
Buffers:           52980 kB
Cached:           680524 kB
SwapCached:            0 kB
Active:          1490052 kB
Inactive:         427480 kB
Active(anon):    1185084 kB
Inactive(anon):    18584 kB
Active(file):     304968 kB
Inactive(file):   408896 kB
Unevictable:          32 kB
Mlocked:              32 kB
SwapTotal:       8345596 kB
SwapFree:        8345596 kB
Dirty:                84 kB
Writeback:             0 kB
AnonPages:       1184096 kB
Mapped:           242048 kB
Shmem:             19644 kB
Slab:              61160 kB
SReclaimable:      33208 kB
SUnreclaim:        27952 kB
KernelStack:        6896 kB
PageTables:        24508 kB
NFS_Unstable:          0 kB
Bounce:                0 kB
WritebackTmp:          0 kB
CommitLimit:    12379864 kB
Committed_AS:    3550796 kB
VmallocTotal:   34359738367 kB
VmallocUsed:      322800 kB
VmallocChunk:   34359404028 kB
HardwareCorrupted:     0 kB
AnonHugePages:    778240 kB
CmaTotal:              0 kB
CmaFree:               0 kB
HugePages_Total:       0
HugePages_Free:        0
HugePages_Rsvd:        0
HugePages_Surp:        0
Hugepagesize:       2048 kB
DirectMap4k:      183336 kB
DirectMap2M:     2920448 kB
DirectMap1G:     5242880 kB


CPU:total 4 (4 cores per cpu, 1 threads per core) family 21 model 48 stepping 1, cmov, cx8, fxsr, mmx, sse, sse2, sse3, ssse3, sse4.1, sse4.2, popcnt, avx, aes, clmul, mmxext, 3dnowpref, lzcnt, sse4a, tsc, tscinvbit, tscinv, bmi1

/proc/cpuinfo:
processor	: 0
vendor_id	: AuthenticAMD
cpu family	: 21
model		: 48
model name	: AMD Athlon(tm) X4 860K Quad Core Processor
stepping	: 1
microcode	: 0x6003106
cpu MHz		: 3000.000
cache size	: 2048 KB
physical id	: 0
siblings	: 4
core id		: 0
cpu cores	: 2
apicid		: 16
initial apicid	: 0
fpu		: yes
fpu_exception	: yes
cpuid level	: 13
wp		: yes
flags		: fpu vme de pse tsc msr pae mce cx8 apic sep mtrr pge mca cmov pat pse36 clflush mmx fxsr sse sse2 ht syscall nx mmxext fxsr_opt pdpe1gb rdtscp lm constant_tsc rep_good nopl nonstop_tsc extd_apicid aperfmperf eagerfpu pni pclmulqdq monitor ssse3 fma cx16 sse4_1 sse4_2 popcnt aes xsave avx f16c lahf_lm cmp_legacy svm extapic cr8_legacy abm sse4a misalignsse 3dnowprefetch osvw ibs xop skinit wdt lwp fma4 tce nodeid_msr tbm topoext perfctr_core perfctr_nb arat cpb hw_pstate npt lbrv svm_lock nrip_save tsc_scale vmcb_clean flushbyasid decodeassists pausefilter pfthreshold vmmcall fsgsbase bmi1 xsaveopt
bugs		: fxsave_leak
bogomips	: 7386.01
TLB size	: 1536 4K pages
clflush size	: 64
cache_alignment	: 64
address sizes	: 48 bits physical, 48 bits virtual
power management: ts ttp tm 100mhzsteps hwpstate cpb eff_freq_ro [13]

processor	: 1
vendor_id	: AuthenticAMD
cpu family	: 21
model		: 48
model name	: AMD Athlon(tm) X4 860K Quad Core Processor     
stepping	: 1
microcode	: 0x6003106
cpu MHz		: 3700.000
cache size	: 2048 KB
physical id	: 0
siblings	: 4
core id		: 1
cpu cores	: 2
apicid		: 17
initial apicid	: 1
fpu		: yes
fpu_exception	: yes
cpuid level	: 13
wp		: yes
flags		: fpu vme de pse tsc msr pae mce cx8 apic sep mtrr pge mca cmov pat pse36 clflush mmx fxsr sse sse2 ht syscall nx mmxext fxsr_opt pdpe1gb rdtscp lm constant_tsc rep_good nopl nonstop_tsc extd_apicid aperfmperf eagerfpu pni pclmulqdq monitor ssse3 fma cx16 sse4_1 sse4_2 popcnt aes xsave avx f16c lahf_lm cmp_legacy svm extapic cr8_legacy abm sse4a misalignsse 3dnowprefetch osvw ibs xop skinit wdt lwp fma4 tce nodeid_msr tbm topoext perfctr_core perfctr_nb arat cpb hw_pstate npt lbrv svm_lock nrip_save tsc_scale vmcb_clean flushbyasid decodeassists pausefilter pfthreshold vmmcall fsgsbase bmi1 xsaveopt
bugs		: fxsave_leak
bogomips	: 7386.01
TLB size	: 1536 4K pages
clflush size	: 64
cache_alignment	: 64
address sizes	: 48 bits physical, 48 bits virtual
power management: ts ttp tm 100mhzsteps hwpstate cpb eff_freq_ro [13]

processor	: 2
vendor_id	: AuthenticAMD
cpu family	: 21
model		: 48
model name	: AMD Athlon(tm) X4 860K Quad Core Processor     
stepping	: 1
microcode	: 0x6003106
cpu MHz		: 3500.000
cache size	: 2048 KB
physical id	: 0
siblings	: 4
core id		: 2
cpu cores	: 2
apicid		: 18
initial apicid	: 2
fpu		: yes
fpu_exception	: yes
cpuid level	: 13
wp		: yes
flags		: fpu vme de pse tsc msr pae mce cx8 apic sep mtrr pge mca cmov pat pse36 clflush mmx fxsr sse sse2 ht syscall nx mmxext fxsr_opt pdpe1gb rdtscp lm constant_tsc rep_good nopl nonstop_tsc extd_apicid aperfmperf eagerfpu pni pclmulqdq monitor ssse3 fma cx16 sse4_1 sse4_2 popcnt aes xsave avx f16c lahf_lm cmp_legacy svm extapic cr8_legacy abm sse4a misalignsse 3dnowprefetch osvw ibs xop skinit wdt lwp fma4 tce nodeid_msr tbm topoext perfctr_core perfctr_nb arat cpb hw_pstate npt lbrv svm_lock nrip_save tsc_scale vmcb_clean flushbyasid decodeassists pausefilter pfthreshold vmmcall fsgsbase bmi1 xsaveopt
bugs		: fxsave_leak
bogomips	: 7386.01
TLB size	: 1536 4K pages
clflush size	: 64
cache_alignment	: 64
address sizes	: 48 bits physical, 48 bits virtual
power management: ts ttp tm 100mhzsteps hwpstate cpb eff_freq_ro [13]

processor	: 3
vendor_id	: AuthenticAMD
cpu family	: 21
model		: 48
model name	: AMD Athlon(tm) X4 860K Quad Core Processor     
stepping	: 1
microcode	: 0x6003106
cpu MHz		: 2400.000
cache size	: 2048 KB
physical id	: 0
siblings	: 4
core id		: 3
cpu cores	: 2
apicid		: 19
initial apicid	: 3
fpu		: yes
fpu_exception	: yes
cpuid level	: 13
wp		: yes
flags		: fpu vme de pse tsc msr pae mce cx8 apic sep mtrr pge mca cmov pat pse36 clflush mmx fxsr sse sse2 ht syscall nx mmxext fxsr_opt pdpe1gb rdtscp lm constant_tsc rep_good nopl nonstop_tsc extd_apicid aperfmperf eagerfpu pni pclmulqdq monitor ssse3 fma cx16 sse4_1 sse4_2 popcnt aes xsave avx f16c lahf_lm cmp_legacy svm extapic cr8_legacy abm sse4a misalignsse 3dnowprefetch osvw ibs xop skinit wdt lwp fma4 tce nodeid_msr tbm topoext perfctr_core perfctr_nb arat cpb hw_pstate npt lbrv svm_lock nrip_save tsc_scale vmcb_clean flushbyasid decodeassists pausefilter pfthreshold vmmcall fsgsbase bmi1 xsaveopt
bugs		: fxsave_leak
bogomips	: 7386.01
TLB size	: 1536 4K pages
clflush size	: 64
cache_alignment	: 64
address sizes	: 48 bits physical, 48 bits virtual
power management: ts ttp tm 100mhzsteps hwpstate cpb eff_freq_ro [13]



Memory: 4k page, physical 8068536k(5967948k free), swap 8345596k(8345596k free)

vm_info: Java HotSpot(TM) 64-Bit Server VM (25.65-b01) for linux-amd64 JRE (1.8.0_65-b17), built on Oct  6 2015 17:16:12 by "java_re" with gcc 4.3.0 20080428 (Red Hat 4.3.0-8)

time: Sat Nov  7 19:21:43 2015
elapsed time: 939 seconds (0d 0h 15m 39s)

